[bootstrapsale.com/projects/maed/v1/index.html]
[backblue.gif]
[fade.gif]
[index.html]
[bootstrapsale.com/projects/maed/v1/vendors/bower_components/animate.css/animate.min.css]
[bootstrapsale.com/projects/maed/v1/vendors/bower_components/material-design-iconic-font/dist/css/material-design-iconic-font.min.css]
[bootstrapsale.com/projects/maed/v1/vendors/bower_components/malihu-custom-scrollbar-plugin/jquery.mCustomScrollbar.min.css]
[bootstrapsale.com/projects/maed/v1/vendors/bower_components/fullcalendar/dist/fullcalendar.min.css]
[bootstrapsale.com/projects/maed/v1/js/page-loader.min.js]
[bootstrapsale.com/projects/maed/v1/css/app-1.min.css]
[bootstrapsale.com/projects/maed/v1/index-2.html]
[bootstrapsale.com/projects/maed/v1/demo/img/profile-pics/1.jpg]
[bootstrapsale.com/projects/maed/v1/profile-about.html]
[bootstrapsale.com/projects/maed/v1/demo/img/profile-pics/5.jpg]
[bootstrapsale.com/projects/maed/v1/demo/img/profile-pics/3.jpg]
[bootstrapsale.com/projects/maed/v1/demo/img/profile-pics/4.jpg]
[bootstrapsale.com/projects/maed/v1/demo/img/profile-pics/2.jpg]
[bootstrapsale.com/projects/maed/v1/typography.html]
[bootstrapsale.com/projects/maed/v1/widgets.html]
[bootstrapsale.com/projects/maed/v1/tables.html]
[bootstrapsale.com/projects/maed/v1/data-tables.html]
[bootstrapsale.com/projects/maed/v1/form-elements.html]
[bootstrapsale.com/projects/maed/v1/form-examples.html]
[bootstrapsale.com/projects/maed/v1/form-components.html]
[bootstrapsale.com/projects/maed/v1/form-validations.html]
[bootstrapsale.com/projects/maed/v1/animations.html]
[bootstrapsale.com/projects/maed/v1/buttons.html]
[bootstrapsale.com/projects/maed/v1/alerts.html]
[bootstrapsale.com/projects/maed/v1/preloaders.html]
[bootstrapsale.com/projects/maed/v1/icons.html]
[bootstrapsale.com/projects/maed/v1/notification-dialog.html]
[bootstrapsale.com/projects/maed/v1/media.html]
[bootstrapsale.com/projects/maed/v1/components.html]
[bootstrapsale.com/projects/maed/v1/flot-charts.html]
[bootstrapsale.com/projects/maed/v1/other-charts.html]
[bootstrapsale.com/projects/maed/v1/photos.html]
[bootstrapsale.com/projects/maed/v1/photo-timeline.html]
[bootstrapsale.com/projects/maed/v1/calendar.html]
[bootstrapsale.com/projects/maed/v1/generic-classes.html]
[bootstrapsale.com/projects/maed/v1/profile-timeline.html]
[bootstrapsale.com/projects/maed/v1/list-view.html]
[bootstrapsale.com/projects/maed/v1/messages.html]
[bootstrapsale.com/projects/maed/v1/pricing-table.html]
[bootstrapsale.com/projects/maed/v1/contacts.html]
[bootstrapsale.com/projects/maed/v1/wall.html]
[bootstrapsale.com/projects/maed/v1/invoice.html]
[bootstrapsale.com/projects/maed/v1/login.html]
[bootstrapsale.com/projects/maed/v1/lockscreen.html]
[bootstrapsale.com/projects/maed/v1/404.html]
[bootstrapsale.com/projects/maed/v1/demo/img/profile-pics/9.jpg]
[bootstrapsale.com/projects/maed/v1/demo/img/profile-pics/7.jpg]
[bootstrapsale.com/projects/maed/v1/demo/img/profile-pics/6.jpg]
[bootstrapsale.com/projects/maed/v1/demo/img/profile-pics/8.jpg]
[bootstrapsale.com/projects/maed/v1/demo/img/note.png]
[bootstrapsale.com/projects/maed/v1/vendors/bower_components/jquery/dist/jquery.min.js]
[bootstrapsale.com/projects/maed/v1/vendors/bower_components/bootstrap/dist/js/bootstrap.min.js]
[bootstrapsale.com/projects/maed/v1/vendors/bower_components/malihu-custom-scrollbar-plugin/jquery.mCustomScrollbar.concat.min.js]
[bootstrapsale.com/projects/maed/v1/vendors/bower_components/remarkable-bootstrap-notify/dist/bootstrap-notify.min.js]
[bootstrapsale.com/projects/maed/v1/vendors/bower_components/moment/min/moment.min.js]
[bootstrapsale.com/projects/maed/v1/vendors/bower_components/fullcalendar/dist/fullcalendar.min.js]
[bootstrapsale.com/projects/maed/v1/vendors/bower_components/simpleWeather/jquery.simpleWeather.min.js]
[bootstrapsale.com/projects/maed/v1/vendors/bower_components/salvattore/dist/salvattore.min.js]
[bootstrapsale.com/projects/maed/v1/vendors/bower_components/flot/jquery.flot.js]
[bootstrapsale.com/projects/maed/v1/vendors/bower_components/flot/jquery.flot.resize.js]
[bootstrapsale.com/projects/maed/v1/vendors/bower_components/flot.curvedlines/curvedLines.js]
[bootstrapsale.com/projects/maed/v1/vendors/jquery.sparkline/jquery.sparkline.min.js]
[bootstrapsale.com/projects/maed/v1/vendors/bower_components/jquery.easy-pie-chart/dist/jquery.easypiechart.min.js]
[bootstrapsale.com/projects/maed/v1/demo/js/flot-charts/curved-line.js]
[bootstrapsale.com/projects/maed/v1/demo/js/flot-charts/line.js]
[bootstrapsale.com/projects/maed/v1/demo/js/easy-pie-charts.js]
[bootstrapsale.com/projects/maed/v1/demo/js/misc.js]
[bootstrapsale.com/projects/maed/v1/demo/js/sparkline-charts.js]
[bootstrapsale.com/projects/maed/v1/demo/js/calendar.js]
[bootstrapsale.com/projects/maed/v1/js/app.min.js]
[bootstrapsale.com/projects/maed/v1/index.html]
[bootstrapsale.com/projects/maed/v1/vendors/bower_components/animate.css/animate.min.css]
[bootstrapsale.com/projects/maed/v1/vendors/bower_components/material-design-iconic-font/dist/fonts/Material-Design-Iconic-Fontd1f1.woff]
[bootstrapsale.com/projects/maed/v1/vendors/bower_components/material-design-iconic-font/dist/fonts/Material-Design-Iconic-Fontd1f1.woff2]
[bootstrapsale.com/projects/maed/v1/vendors/bower_components/material-design-iconic-font/dist/css/material-design-iconic-font.min.css]
[bootstrapsale.com/projects/maed/v1/vendors/bower_components/malihu-custom-scrollbar-plugin/mCSB_buttons.png]
[bootstrapsale.com/projects/maed/v1/vendors/bower_components/malihu-custom-scrollbar-plugin/jquery.mCustomScrollbar.min.css]
[bootstrapsale.com/projects/maed/v1/vendors/bower_components/fullcalendar/dist/fullcalendar.min.css]
[bootstrapsale.com/projects/maed/v1/fonts/glyphicons-halflings-regular.eot]
[bootstrapsale.com/projects/maed/v1/fonts/glyphicons-halflings-regulard41d.eot]
[bootstrapsale.com/projects/maed/v1/vendors/bower_components/material-design-iconic-font/dist/fonts/Material-Design-Iconic-Fontd1f1.ttf]
[bootstrapsale.com/projects/maed/v1/fonts/glyphicons-halflings-regular.woff2]
[bootstrapsale.com/projects/maed/v1/fonts/glyphicons-halflings-regular.woff]
[bootstrapsale.com/projects/maed/v1/fonts/glyphicons-halflings-regular.ttf]
[bootstrapsale.com/projects/maed/v1/fonts/glyphicons-halflings-regular.svg]
[bootstrapsale.com/projects/maed/v1/fonts/Roboto/Roboto-Light-webfont.woff]
[bootstrapsale.com/projects/maed/v1/fonts/Roboto/Roboto-Light-webfont.svg]
[bootstrapsale.com/projects/maed/v1/fonts/Roboto/Roboto-Regular-webfont.woff]
[bootstrapsale.com/projects/maed/v1/fonts/Roboto/Roboto-Regular-webfont.svg]
[bootstrapsale.com/projects/maed/v1/fonts/Roboto/Roboto-Medium-webfont.woff]
[bootstrapsale.com/projects/maed/v1/fonts/Roboto/Roboto-Medium-webfont.svg]
[bootstrapsale.com/projects/maed/v1/fonts/Roboto/Roboto-Bold-webfont.woff]
[bootstrapsale.com/projects/maed/v1/fonts/Roboto/Roboto-Bold-webfont.svg]
[bootstrapsale.com/projects/maed/v1/img/icons/weather/0.png]
[bootstrapsale.com/projects/maed/v1/img/icons/weather/0@2x.png]
[bootstrapsale.com/projects/maed/v1/img/icons/weather/1.png]
[bootstrapsale.com/projects/maed/v1/img/icons/weather/1@2x.png]
[bootstrapsale.com/projects/maed/v1/img/icons/weather/2.png]
[bootstrapsale.com/projects/maed/v1/img/icons/weather/2@2x.png]
[bootstrapsale.com/projects/maed/v1/img/icons/weather/3.png]
[bootstrapsale.com/projects/maed/v1/img/icons/weather/3@2x.png]
[bootstrapsale.com/projects/maed/v1/img/icons/weather/5.png]
[bootstrapsale.com/projects/maed/v1/img/icons/weather/5@2x.png]
[bootstrapsale.com/projects/maed/v1/img/icons/weather/9.png]
[bootstrapsale.com/projects/maed/v1/img/icons/weather/9@2x.png]
[bootstrapsale.com/projects/maed/v1/img/icons/weather/18.png]
[bootstrapsale.com/projects/maed/v1/img/icons/weather/18@2x.png]
[bootstrapsale.com/projects/maed/v1/img/icons/weather/19.png]
[bootstrapsale.com/projects/maed/v1/img/icons/weather/19@2x.png]
[bootstrapsale.com/projects/maed/v1/img/icons/weather/24.png]
[bootstrapsale.com/projects/maed/v1/img/icons/weather/24@2x.png]
[bootstrapsale.com/projects/maed/v1/img/icons/weather/26.png]
[bootstrapsale.com/projects/maed/v1/img/icons/weather/26@2x.png]
[bootstrapsale.com/projects/maed/v1/img/icons/weather/27.png]
[bootstrapsale.com/projects/maed/v1/img/icons/weather/27@2x.png]
[bootstrapsale.com/projects/maed/v1/img/icons/weather/28.png]
[bootstrapsale.com/projects/maed/v1/img/icons/weather/28@2x.png]
[bootstrapsale.com/projects/maed/v1/img/icons/weather/31.png]
[bootstrapsale.com/projects/maed/v1/img/icons/weather/31@2x.png]
[bootstrapsale.com/projects/maed/v1/img/icons/weather/32.png]
[bootstrapsale.com/projects/maed/v1/img/icons/weather/32@2x.png]
[bootstrapsale.com/projects/maed/v1/img/calendar/january.jpg]
[bootstrapsale.com/projects/maed/v1/img/calendar/february.jpg]
[bootstrapsale.com/projects/maed/v1/img/calendar/march.jpg]
[bootstrapsale.com/projects/maed/v1/img/calendar/april.jpg]
[bootstrapsale.com/projects/maed/v1/img/calendar/may.jpg]
[bootstrapsale.com/projects/maed/v1/img/calendar/june.jpg]
[bootstrapsale.com/projects/maed/v1/img/calendar/july.jpg]
[bootstrapsale.com/projects/maed/v1/img/calendar/august.jpg]
[bootstrapsale.com/projects/maed/v1/img/calendar/september.jpg]
[bootstrapsale.com/projects/maed/v1/img/calendar/october.jpg]
[bootstrapsale.com/projects/maed/v1/img/calendar/november.jpg]
[bootstrapsale.com/projects/maed/v1/img/calendar/december.jpg]
[bootstrapsale.com/projects/maed/v1/css/app-1.min.css]
[bootstrapsale.com/google_analytics_auto.js]
[bootstrapsale.com/projects/maed/v1/index-2.html]
[bootstrapsale.com/projects/maed/v1/demo/img/contacts/2.jpg]
[bootstrapsale.com/projects/maed/v1/profile-photos.html]
[bootstrapsale.com/projects/maed/v1/profile-about.html]
[bootstrapsale.com/projects/maed/v1/typography.html]
[bootstrapsale.com/projects/maed/v1/demo/img/headers/square/1.png]
[bootstrapsale.com/projects/maed/v1/demo/img/headers/square/2.png]
[bootstrapsale.com/projects/maed/v1/demo/img/headers/square/3.png]
[bootstrapsale.com/projects/maed/v1/demo/img/headers/square/4.png]
[bootstrapsale.com/projects/maed/v1/demo/img/headers/square/5.png]
[bootstrapsale.com/projects/maed/v1/demo/img/headers/square/6.png]
[bootstrapsale.com/projects/maed/v1/demo/img/headers/square/7.png]
[bootstrapsale.com/projects/maed/v1/demo/img/headers/square/8.png]
[bootstrapsale.com/projects/maed/v1/demo/img/headers/square/9.png]
[bootstrapsale.com/projects/maed/v1/demo/img/map.png]
[bootstrapsale.com/projects/maed/v1/demo/img/headers/sm/6.png]
[bootstrapsale.com/projects/maed/v1/demo/img/headers/sm/2.png]
[bootstrapsale.com/projects/maed/v1/demo/img/headers/sm/4.png]
[bootstrapsale.com/projects/maed/v1/demo/img/profile-pics/profile-pic.jpg]
[bootstrapsale.com/projects/maed/v1/vendors/bower_components/autosize/dist/autosize.min.js]
[bootstrapsale.com/projects/maed/v1/widgets.html]
[bootstrapsale.com/projects/maed/v1/tables.html]
[bootstrapsale.com/projects/maed/v1/vendors/bower_components/jquery.bootgrid/dist/jquery.bootgrid.min.css]
[bootstrapsale.com/projects/maed/v1/vendors/bower_components/jquery.bootgrid/dist/jquery.bootgrid.min.js]
[bootstrapsale.com/projects/maed/v1/demo/js/data-table.js]
[bootstrapsale.com/projects/maed/v1/data-tables.html]
[bootstrapsale.com/projects/maed/v1/form-elements.html]
[bootstrapsale.com/projects/maed/v1/vendors/bower_components/nouislider/distribute/nouislider.min.css]
[bootstrapsale.com/projects/maed/v1/vendors/bower_components/eonasdan-bootstrap-datetimepicker/build/css/bootstrap-datetimepicker.min.css]
[bootstrapsale.com/projects/maed/v1/vendors/farbtastic/farbtastic.css]
[bootstrapsale.com/projects/maed/v1/vendors/bower_components/select2/dist/css/select2.min.css]
[bootstrapsale.com/projects/maed/v1/vendors/bower_components/nouislider/distribute/nouislider.min.js]
[bootstrapsale.com/projects/maed/v1/vendors/bower_components/eonasdan-bootstrap-datetimepicker/build/js/bootstrap-datetimepicker.min.js]
[bootstrapsale.com/projects/maed/v1/vendors/bower_components/select2/dist/js/select2.full.min.js]
[bootstrapsale.com/projects/maed/v1/vendors/fileinput/fileinput.min.js]
[bootstrapsale.com/projects/maed/v1/vendors/bower_components/jquery-mask-plugin/dist/jquery.mask.min.js]
[bootstrapsale.com/projects/maed/v1/vendors/farbtastic/farbtastic.min.js]
[bootstrapsale.com/projects/maed/v1/form-components.html]
[bootstrapsale.com/projects/maed/v1/form-examples.html]
[bootstrapsale.com/projects/maed/v1/form-validations.html]
[bootstrapsale.com/projects/maed/v1/demo/css/demo.css]
[bootstrapsale.com/projects/maed/v1/demo/img/headers/sm/1.png]
[bootstrapsale.com/projects/maed/v1/demo/img/headers/sm/7.png]
[bootstrapsale.com/projects/maed/v1/demo/img/headers/sm/3.png]
[bootstrapsale.com/projects/maed/v1/demo/img/headers/sm/8.png]
[bootstrapsale.com/projects/maed/v1/demo/img/headers/sm/9.png]
[bootstrapsale.com/projects/maed/v1/demo/img/headers/sm/5.png]
[bootstrapsale.com/projects/maed/v1/animations.html]
[bootstrapsale.com/projects/maed/v1/buttons.html]
[bootstrapsale.com/projects/maed/v1/icons.html]
[bootstrapsale.com/projects/maed/v1/alerts.html]
[bootstrapsale.com/projects/maed/v1/preloaders.html]
[bootstrapsale.com/projects/maed/v1/vendors/bower_components/sweetalert2/dist/sweetalert2.min.css]
[bootstrapsale.com/projects/maed/v1/vendors/bower_components/sweetalert2/dist/sweetalert2.min.js]
[bootstrapsale.com/projects/maed/v1/notification-dialog.html]
[bootstrapsale.com/projects/maed/v1/vendors/bower_components/lightgallery/dist/css/lightgallery.min.css]
[bootstrapsale.com/projects/maed/v1/demo/img/gallery/thumbs/1.jpg]
[bootstrapsale.com/projects/maed/v1/demo/img/gallery/thumbs/2.jpg]
[bootstrapsale.com/projects/maed/v1/demo/img/gallery/thumbs/3.jpg]
[bootstrapsale.com/projects/maed/v1/demo/img/gallery/thumbs/4.jpg]
[bootstrapsale.com/projects/maed/v1/demo/img/gallery/thumbs/5.jpg]
[bootstrapsale.com/projects/maed/v1/demo/img/gallery/thumbs/6.jpg]
[bootstrapsale.com/projects/maed/v1/demo/img/carousel/c-1.jpg]
[bootstrapsale.com/projects/maed/v1/demo/img/carousel/c-2.jpg]
[bootstrapsale.com/projects/maed/v1/demo/img/carousel/c-3.jpg]
[bootstrapsale.com/projects/maed/v1/vendors/bower_components/lightgallery/dist/js/lightgallery.min.js]
[bootstrapsale.com/projects/maed/v1/vendors/bower_components/lightgallery/demo/js/lg-fullscreen.min.js]
[bootstrapsale.com/projects/maed/v1/vendors/bower_components/lightgallery/demo/js/lg-thumbnail.min.js]
[bootstrapsale.com/projects/maed/v1/vendors/bower_components/lightgallery/demo/js/lg-zoom.min.js]
[bootstrapsale.com/projects/maed/v1/vendors/bower_components/lightgallery/demo/js/lg-video.min.js]
[bootstrapsale.com/projects/maed/v1/media.html]
[bootstrapsale.com/projects/maed/v1/vendors/bower_components/twitter-bootstrap-wizard/jquery.bootstrap.wizard.min.js]
[bootstrapsale.com/projects/maed/v1/components.html]
[bootstrapsale.com/projects/maed/v1/vendors/bower_components/flot/jquery.flot.pie.js]
[bootstrapsale.com/projects/maed/v1/vendors/bower_components/flot.tooltip/js/jquery.flot.tooltip.min.js]
[bootstrapsale.com/projects/maed/v1/vendors/bower_components/flot-orderBars/js/jquery.flot.orderBars.js]
[bootstrapsale.com/projects/maed/v1/demo/js/flot-charts/bar.js]
[bootstrapsale.com/projects/maed/v1/demo/js/flot-charts/dynamic.js]
[bootstrapsale.com/projects/maed/v1/demo/js/flot-charts/pie.js]
[bootstrapsale.com/projects/maed/v1/flot-charts.html]
[bootstrapsale.com/projects/maed/v1/other-charts.html]
[bootstrapsale.com/projects/maed/v1/demo/img/gallery/thumbs/7.jpg]
[bootstrapsale.com/projects/maed/v1/demo/img/gallery/thumbs/8.jpg]
[bootstrapsale.com/projects/maed/v1/demo/img/gallery/thumbs/9.jpg]
[bootstrapsale.com/projects/maed/v1/demo/img/gallery/thumbs/10.jpg]
[bootstrapsale.com/projects/maed/v1/demo/img/gallery/thumbs/11.jpg]
[bootstrapsale.com/projects/maed/v1/demo/img/gallery/thumbs/12.jpg]
[bootstrapsale.com/projects/maed/v1/demo/img/gallery/thumbs/13.jpg]
[bootstrapsale.com/projects/maed/v1/demo/img/gallery/thumbs/14.jpg]
[bootstrapsale.com/projects/maed/v1/demo/img/gallery/thumbs/15.jpg]
[bootstrapsale.com/projects/maed/v1/demo/img/gallery/thumbs/16.jpg]
[bootstrapsale.com/projects/maed/v1/demo/img/gallery/thumbs/18.jpg]
[bootstrapsale.com/projects/maed/v1/demo/img/gallery/thumbs/19.jpg]
[bootstrapsale.com/projects/maed/v1/demo/img/gallery/thumbs/20.jpg]
[bootstrapsale.com/projects/maed/v1/demo/img/gallery/thumbs/21.jpg]
[bootstrapsale.com/projects/maed/v1/demo/img/gallery/thumbs/22.jpg]
[bootstrapsale.com/projects/maed/v1/demo/img/gallery/thumbs/23.jpg]
[bootstrapsale.com/projects/maed/v1/demo/img/gallery/thumbs/24.jpg]
[bootstrapsale.com/projects/maed/v1/photos.html]
[bootstrapsale.com/projects/maed/v1/demo/img/gallery/1.jpg]
[bootstrapsale.com/projects/maed/v1/demo/img/gallery/2.jpg]
[bootstrapsale.com/projects/maed/v1/demo/img/gallery/3.jpg]
[bootstrapsale.com/projects/maed/v1/demo/img/gallery/4.jpg]
[bootstrapsale.com/projects/maed/v1/demo/img/gallery/5.jpg]
[bootstrapsale.com/projects/maed/v1/demo/img/gallery/6.jpg]
[bootstrapsale.com/projects/maed/v1/demo/img/gallery/7.jpg]
[bootstrapsale.com/projects/maed/v1/demo/img/gallery/8.jpg]
[bootstrapsale.com/projects/maed/v1/demo/img/gallery/9.jpg]
[bootstrapsale.com/projects/maed/v1/demo/img/gallery/10.jpg]
[bootstrapsale.com/projects/maed/v1/demo/img/gallery/11.jpg]
[bootstrapsale.com/projects/maed/v1/demo/img/gallery/12.jpg]
[bootstrapsale.com/projects/maed/v1/demo/img/gallery/13.jpg]
[bootstrapsale.com/projects/maed/v1/demo/img/gallery/14.jpg]
[bootstrapsale.com/projects/maed/v1/demo/img/gallery/15.jpg]
[bootstrapsale.com/projects/maed/v1/demo/img/gallery/16.jpg]
[bootstrapsale.com/projects/maed/v1/demo/img/gallery/17.jpg]
[bootstrapsale.com/projects/maed/v1/photo-timeline.html]
[bootstrapsale.com/projects/maed/v1/calendar.html]
[bootstrapsale.com/projects/maed/v1/colors.e0.delayed]
[bootstrapsale.com/projects/maed/v1/generic-classes.html]
[bootstrapsale.com/projects/maed/v1/profile-timeline.html]
[bootstrapsale.com/projects/maed/v1/list-view.html]
[bootstrapsale.com/projects/maed/v1/messages.html]
[bootstrapsale.com/projects/maed/v1/pricing-table.html]
[bootstrapsale.com/projects/maed/v1/demo/img/contacts/1.jpg]
[bootstrapsale.com/projects/maed/v1/demo/img/contacts/3.jpg]
[bootstrapsale.com/projects/maed/v1/demo/img/contacts/4.jpg]
[bootstrapsale.com/projects/maed/v1/demo/img/contacts/5.jpg]
[bootstrapsale.com/projects/maed/v1/demo/img/contacts/6.jpg]
[bootstrapsale.com/projects/maed/v1/demo/img/contacts/7.jpg]
[bootstrapsale.com/projects/maed/v1/demo/img/contacts/8.jpg]
[bootstrapsale.com/projects/maed/v1/demo/img/contacts/9.jpg]
[bootstrapsale.com/projects/maed/v1/demo/img/contacts/10.jpg]
[bootstrapsale.com/projects/maed/v1/demo/img/contacts/11.jpg]
[bootstrapsale.com/projects/maed/v1/demo/img/contacts/12.jpg]
[bootstrapsale.com/projects/maed/v1/demo/img/contacts/13.jpg]
[bootstrapsale.com/projects/maed/v1/demo/img/contacts/14.jpg]
[bootstrapsale.com/projects/maed/v1/demo/img/contacts/15.jpg]
[bootstrapsale.com/projects/maed/v1/demo/img/contacts/16.jpg]
[bootstrapsale.com/projects/maed/v1/contacts.html]
[bootstrapsale.com/projects/maed/v1/demo/img/headers/4.png]
[bootstrapsale.com/projects/maed/v1/demo/img/gallery/thumbs/17.jpg]
[bootstrapsale.com/projects/maed/v1/demo/img/gallery/18.jpg]
[bootstrapsale.com/projects/maed/v1/demo/img/gallery/19.jpg]
[bootstrapsale.com/projects/maed/v1/demo/img/gallery/20.jpg]
[bootstrapsale.com/projects/maed/v1/demo/img/gallery/21.jpg]
[bootstrapsale.com/projects/maed/v1/demo/img/gallery/22.jpg]
[bootstrapsale.com/projects/maed/v1/demo/img/gallery/23.jpg]
[bootstrapsale.com/projects/maed/v1/demo/img/gallery/24.jpg]
[bootstrapsale.com/projects/maed/v1/vendors/bower_components/lightgallery/lib/lightgallery-all.min.js]
[bootstrapsale.com/projects/maed/v1/wall.html]
[bootstrapsale.com/projects/maed/v1/demo/img/invoice-logo.png]
[bootstrapsale.com/projects/maed/v1/invoice.html]
[bootstrapsale.com/projects/maed/v1/login.html]
[bootstrapsale.com/projects/maed/v1/lockscreen.html]
[bootstrapsale.com/projects/maed/v1/404.html]
[bootstrapsale.com/projects/maed/v1/fonts/glyphicons-halflings-regular.html]
[bootstrapsale.com/projects/maed/v1/fonts/glyphicons-halflings-regulard41d.html]
[bootstrapsale.com/projects/maed/v1/fonts/glyphicons-halflings-regular-2.html]
[bootstrapsale.com/projects/maed/v1/fonts/glyphicons-halflings-regular-3.html]
[bootstrapsale.com/projects/maed/v1/fonts/glyphicons-halflings-regular-4.html]
[bootstrapsale.com/projects/maed/v1/fonts/glyphicons-halflings-regular-5.html]
[bootstrapsale.com/projects/maed/v1/fonts/Roboto/Roboto-Light-webfont.svg]
[bootstrapsale.com/projects/maed/v1/fonts/Roboto/Roboto-Regular-webfont.svg]
[bootstrapsale.com/projects/maed/v1/fonts/Roboto/Roboto-Medium-webfont.svg]
[bootstrapsale.com/projects/maed/v1/fonts/Roboto/Roboto-Bold-webfont.svg]
[bootstrapsale.com/projects/maed/v1/profile-photos.html]
[bootstrapsale.com/projects/maed/v1/vendors/bower_components/jquery.bootgrid/dist/jquery.bootgrid.min.css]
[bootstrapsale.com/projects/maed/v1/vendors/bower_components/nouislider/distribute/nouislider.min.css]
[bootstrapsale.com/projects/maed/v1/vendors/bower_components/eonasdan-bootstrap-datetimepicker/build/css/bootstrap-datetimepicker.min.css]
[bootstrapsale.com/projects/maed/v1/vendors/farbtastic/wheel.png]
[bootstrapsale.com/projects/maed/v1/vendors/farbtastic/mask.png]
[bootstrapsale.com/projects/maed/v1/vendors/farbtastic/marker.png]
[bootstrapsale.com/projects/maed/v1/vendors/farbtastic/farbtastic.css]
[bootstrapsale.com/projects/maed/v1/vendors/bower_components/select2/dist/css/select2.min.css]
[bootstrapsale.com/projects/maed/v1/demo/css/demo.css]
[bootstrapsale.com/projects/maed/v1/vendors/bower_components/sweetalert2/dist/sweetalert2.min.css]
[bootstrapsale.com/projects/maed/v1/vendors/bower_components/lightgallery/dist/fonts/lgd641.eot]
[bootstrapsale.com/projects/maed/v1/vendors/bower_components/lightgallery/dist/fonts/lgd41d.eot]
[bootstrapsale.com/projects/maed/v1/vendors/bower_components/lightgallery/dist/fonts/lgd641.woff]
[bootstrapsale.com/projects/maed/v1/vendors/bower_components/lightgallery/dist/fonts/lgd641.ttf]
[bootstrapsale.com/projects/maed/v1/vendors/bower_components/lightgallery/dist/fonts/lgd641.svg]
[bootstrapsale.com/projects/maed/v1/vendors/bower_components/lightgallery/dist/img/vimeo-play.png]
[bootstrapsale.com/projects/maed/v1/vendors/bower_components/lightgallery/dist/img/video-play.png]
[bootstrapsale.com/projects/maed/v1/vendors/bower_components/lightgallery/dist/img/youtube-play.png]
[bootstrapsale.com/projects/maed/v1/vendors/bower_components/lightgallery/dist/img/loading.gif]
[bootstrapsale.com/projects/maed/v1/vendors/bower_components/lightgallery/dist/css/lightgallery.min.css]
[bootstrapsale.com/projects/maed/v1/colors.html]
[bootstrapsale.com/projects/maed/v1/vendors/bower_components/lightgallery/lib/lightgallery-all.min.html]
[bootstrapsale.com/projects/maed/v1/vendors/bower_components/lightgallery/dist/fonts/lgd641.svg]
