[atypicalthemes.com/portfolio/nixo_creative_demo/nixo.html]
[backblue.gif]
[fade.gif]
[index.html]
[atypicalthemes.com/portfolio/nixo_creative_demo/img/favicon.png]
[atypicalthemes.com/portfolio/nixo_creative_demo/css/bootstrap.min.css]
[atypicalthemes.com/portfolio/nixo_creative_demo/style.css]
[atypicalthemes.com/portfolio/nixo_creative_demo/css/pe-icon-7-stroke.css]
[atypicalthemes.com/portfolio/nixo_creative_demo/css/font-awesome.min.css]
[atypicalthemes.com/portfolio/nixo_creative_demo/css/helper.css]
[atypicalthemes.com/portfolio/nixo_creative_demo/pages/style1/parallax/index.html]
[atypicalthemes.com/portfolio/nixo_creative_demo/img/paralax_prev.jpg]
[atypicalthemes.com/portfolio/nixo_creative_demo/pages/style1/static/index.html]
[atypicalthemes.com/portfolio/nixo_creative_demo/img/static_prev.jpg]
[atypicalthemes.com/portfolio/nixo_creative_demo/img/video_prev.jpg]
[atypicalthemes.com/portfolio/nixo_creative_demo/pages/style1/video/index.html]
[atypicalthemes.com/portfolio/nixo_creative_demo/pages/style1/slider/index.html]
[atypicalthemes.com/portfolio/nixo_creative_demo/img/slider_prev.jpg]
[atypicalthemes.com/portfolio/nixo_creative_demo/pages/style2/parallax/index.html]
[atypicalthemes.com/portfolio/nixo_creative_demo/img/paralax_2_prev.jpg]
[atypicalthemes.com/portfolio/nixo_creative_demo/pages/style2/static/index.html]
[atypicalthemes.com/portfolio/nixo_creative_demo/img/static_2_prev.jpg]
[atypicalthemes.com/portfolio/nixo_creative_demo/pages/style2/video/index.html]
[atypicalthemes.com/portfolio/nixo_creative_demo/img/video_2_prev.jpg]
[atypicalthemes.com/portfolio/nixo_creative_demo/pages/style2/slider/index.html]
[atypicalthemes.com/portfolio/nixo_creative_demo/img/slider_2_prev.jpg]
[ajax.googleapis.com/ajax/libs/jquery/1.11.3/jquery.min.js]
[atypicalthemes.com/portfolio/nixo_creative_demo/js/main.js]
[atypicalthemes.com/portfolio/nixo_creative_demo/nixo.html]
[atypicalthemes.com/portfolio/nixo_creative_demo/js/jquery.appear.js]
[atypicalthemes.com/portfolio/nixo_creative_demo/fonts/glyphicons-halflings-regular.eot]
[atypicalthemes.com/portfolio/nixo_creative_demo/fonts/glyphicons-halflings-regulard41d.eot]
[atypicalthemes.com/portfolio/nixo_creative_demo/fonts/glyphicons-halflings-regular.woff2]
[atypicalthemes.com/portfolio/nixo_creative_demo/fonts/glyphicons-halflings-regular.woff]
[atypicalthemes.com/portfolio/nixo_creative_demo/fonts/glyphicons-halflings-regular.ttf]
[atypicalthemes.com/portfolio/nixo_creative_demo/fonts/glyphicons-halflings-regular.svg]
[atypicalthemes.com/portfolio/nixo_creative_demo/css/bootstrap.min.css]
[atypicalthemes.com/portfolio/nixo_creative_demo/img/bg.jpg]
[atypicalthemes.com/portfolio/nixo_creative_demo/style.css]
[atypicalthemes.com/portfolio/nixo_creative_demo/fonts/Pe-icon-7-strokebb1d.eot]
[atypicalthemes.com/portfolio/nixo_creative_demo/fonts/Pe-icon-7-stroked41d.eot]
[atypicalthemes.com/portfolio/nixo_creative_demo/fonts/Pe-icon-7-strokebb1d.woff]
[atypicalthemes.com/portfolio/nixo_creative_demo/fonts/Pe-icon-7-strokebb1d.svg]
[atypicalthemes.com/portfolio/nixo_creative_demo/css/pe-icon-7-stroke.css]
[atypicalthemes.com/portfolio/nixo_creative_demo/fonts/Pe-icon-7-strokebb1d.ttf]
[atypicalthemes.com/portfolio/nixo_creative_demo/fonts/fontawesome-webfont3295.woff]
[atypicalthemes.com/portfolio/nixo_creative_demo/fonts/fontawesome-webfont3295.eot]
[atypicalthemes.com/portfolio/nixo_creative_demo/fonts/fontawesome-webfontd41d.eot]
[atypicalthemes.com/portfolio/nixo_creative_demo/css/font-awesome.min.css]
[atypicalthemes.com/portfolio/nixo_creative_demo/css/helper.css]
[atypicalthemes.com/portfolio/nixo_creative_demo/pages/style1/parallax/images/favicon/apple-icon-57x57.png]
[atypicalthemes.com/portfolio/nixo_creative_demo/fonts/fontawesome-webfont3295.svg]
[atypicalthemes.com/portfolio/nixo_creative_demo/pages/style1/parallax/images/favicon/apple-icon-60x60.png]
[atypicalthemes.com/portfolio/nixo_creative_demo/pages/style1/parallax/images/favicon/apple-icon-72x72.png]
[atypicalthemes.com/portfolio/nixo_creative_demo/pages/style1/parallax/images/favicon/apple-icon-76x76.png]
[atypicalthemes.com/portfolio/nixo_creative_demo/pages/style1/parallax/images/favicon/apple-icon-114x114.png]
[atypicalthemes.com/portfolio/nixo_creative_demo/pages/style1/parallax/images/favicon/apple-icon-120x120.png]
[atypicalthemes.com/portfolio/nixo_creative_demo/pages/style1/parallax/images/favicon/apple-icon-144x144.png]
[atypicalthemes.com/portfolio/nixo_creative_demo/pages/style1/parallax/images/favicon/apple-icon-152x152.png]
[atypicalthemes.com/portfolio/nixo_creative_demo/pages/style1/parallax/images/favicon/apple-icon-180x180.png]
[atypicalthemes.com/portfolio/nixo_creative_demo/pages/style1/parallax/images/favicon/android-icon-192x192.png]
[atypicalthemes.com/portfolio/nixo_creative_demo/fonts/fontawesome-webfont3295.ttf]
[atypicalthemes.com/portfolio/nixo_creative_demo/pages/style1/parallax/images/favicon/favicon-32x32.png]
[atypicalthemes.com/portfolio/nixo_creative_demo/pages/style1/parallax/images/favicon/favicon-96x96.png]
[atypicalthemes.com/portfolio/nixo_creative_demo/pages/style1/parallax/images/favicon/favicon-16x16.png]
[atypicalthemes.com/portfolio/nixo_creative_demo/pages/style1/parallax/css/bootstrap.min.css]
[atypicalthemes.com/portfolio/nixo_creative_demo/pages/style1/parallax/css/style.css]
[atypicalthemes.com/portfolio/nixo_creative_demo/pages/style1/parallax/css/colors.css]
[atypicalthemes.com/portfolio/nixo_creative_demo/pages/style1/parallax/css/responsive.css]
[atypicalthemes.com/portfolio/nixo_creative_demo/pages/style1/parallax/css/lightbox.min.css]
[atypicalthemes.com/portfolio/nixo_creative_demo/pages/style1/parallax/css/font-awesome.min.css]
[atypicalthemes.com/portfolio/nixo_creative_demo/pages/style1/parallax/css/pe-icon-7-stroke.css]
[atypicalthemes.com/portfolio/nixo_creative_demo/pages/style1/parallax/css/helper.css]
[atypicalthemes.com/portfolio/nixo_creative_demo/pages/style1/parallax/css/animations.css]
[atypicalthemes.com/portfolio/nixo_creative_demo/pages/style1/parallax/404.html]
[atypicalthemes.com/portfolio/nixo_creative_demo/pages/style1/parallax/images/logo.svg]
[atypicalthemes.com/portfolio/nixo_creative_demo/pages/style1/parallax/images/team111.jpg]
[atypicalthemes.com/portfolio/nixo_creative_demo/pages/style1/parallax/images/team333.jpg]
[atypicalthemes.com/portfolio/nixo_creative_demo/pages/style1/parallax/images/team444.jpg]
[atypicalthemes.com/portfolio/nixo_creative_demo/pages/style1/parallax/images/team222.jpg]
[atypicalthemes.com/portfolio/nixo_creative_demo/pages/style1/parallax/images/port1.jpg]
[atypicalthemes.com/portfolio/nixo_creative_demo/pages/style1/parallax/images/port6.jpg]
[atypicalthemes.com/portfolio/nixo_creative_demo/pages/style1/parallax/images/port3.jpg]
[atypicalthemes.com/portfolio/nixo_creative_demo/pages/style1/parallax/images/port8.jpg]
[atypicalthemes.com/portfolio/nixo_creative_demo/pages/style1/parallax/images/port5.jpg]
[atypicalthemes.com/portfolio/nixo_creative_demo/pages/style1/parallax/images/port2.jpg]
[atypicalthemes.com/portfolio/nixo_creative_demo/pages/style1/parallax/images/port7.jpg]
[atypicalthemes.com/portfolio/nixo_creative_demo/pages/style1/parallax/images/port4.jpg]
[atypicalthemes.com/portfolio/nixo_creative_demo/pages/style1/parallax/images/port9.jpg]
[atypicalthemes.com/portfolio/nixo_creative_demo/pages/style1/parallax/images/testimonial1.jpg]
[atypicalthemes.com/portfolio/nixo_creative_demo/pages/style1/parallax/images/testimonial2.jpg]
[atypicalthemes.com/portfolio/nixo_creative_demo/pages/style1/parallax/images/testimonial3.jpg]
[atypicalthemes.com/portfolio/nixo_creative_demo/pages/style1/parallax/images/brand1.png]
[atypicalthemes.com/portfolio/nixo_creative_demo/pages/style1/parallax/images/brand5.png]
[atypicalthemes.com/portfolio/nixo_creative_demo/pages/style1/parallax/images/brand3.png]
[atypicalthemes.com/portfolio/nixo_creative_demo/pages/style1/parallax/images/brand4.png]
[atypicalthemes.com/portfolio/nixo_creative_demo/pages/style1/parallax/js/validator.min.js]
[atypicalthemes.com/portfolio/nixo_creative_demo/pages/style1/parallax/js/jquery.appear.js]
[atypicalthemes.com/portfolio/nixo_creative_demo/pages/style1/parallax/js/jquery-2.2.4.min.js]
[atypicalthemes.com/portfolio/nixo_creative_demo/pages/style1/parallax/js/bootstrap.min.js]
[atypicalthemes.com/portfolio/nixo_creative_demo/pages/style1/parallax/js/isotope.pkgd.min.js]
[atypicalthemes.com/portfolio/nixo_creative_demo/pages/style1/parallax/js/style-switcher.js]
[atypicalthemes.com/portfolio/nixo_creative_demo/pages/style1/parallax/js/lightbox.min.js]
[atypicalthemes.com/portfolio/nixo_creative_demo/pages/style1/parallax/index.html]
[atypicalthemes.com/portfolio/nixo_creative_demo/pages/style1/parallax/js/nixo.js]
[atypicalthemes.com/portfolio/nixo_creative_demo/pages/style1/static/images/favicon/apple-icon-57x57.png]
[atypicalthemes.com/portfolio/nixo_creative_demo/pages/style1/static/images/favicon/apple-icon-60x60.png]
[atypicalthemes.com/portfolio/nixo_creative_demo/pages/style1/static/images/favicon/apple-icon-72x72.png]
[atypicalthemes.com/portfolio/nixo_creative_demo/pages/style1/static/images/favicon/apple-icon-76x76.png]
[atypicalthemes.com/portfolio/nixo_creative_demo/pages/style1/static/images/favicon/apple-icon-114x114.png]
[atypicalthemes.com/portfolio/nixo_creative_demo/pages/style1/static/images/favicon/apple-icon-120x120.png]
[atypicalthemes.com/portfolio/nixo_creative_demo/pages/style1/static/images/favicon/apple-icon-144x144.png]
[atypicalthemes.com/portfolio/nixo_creative_demo/pages/style1/static/images/favicon/apple-icon-152x152.png]
[atypicalthemes.com/portfolio/nixo_creative_demo/pages/style1/static/images/favicon/apple-icon-180x180.png]
[atypicalthemes.com/portfolio/nixo_creative_demo/pages/style1/static/images/favicon/android-icon-192x192.png]
[atypicalthemes.com/portfolio/nixo_creative_demo/pages/style1/static/images/favicon/favicon-32x32.png]
[atypicalthemes.com/portfolio/nixo_creative_demo/pages/style1/static/images/favicon/favicon-96x96.png]
[atypicalthemes.com/portfolio/nixo_creative_demo/pages/style1/static/images/favicon/favicon-16x16.png]
[atypicalthemes.com/portfolio/nixo_creative_demo/pages/style1/static/css/bootstrap.min.css]
[atypicalthemes.com/portfolio/nixo_creative_demo/pages/style1/static/css/style.css]
[atypicalthemes.com/portfolio/nixo_creative_demo/pages/style1/static/css/colors.css]
[atypicalthemes.com/portfolio/nixo_creative_demo/pages/style1/static/css/responsive.css]
[atypicalthemes.com/portfolio/nixo_creative_demo/pages/style1/static/css/lightbox.min.css]
[atypicalthemes.com/portfolio/nixo_creative_demo/pages/style1/static/css/font-awesome.min.css]
[atypicalthemes.com/portfolio/nixo_creative_demo/pages/style1/static/css/pe-icon-7-stroke.css]
[atypicalthemes.com/portfolio/nixo_creative_demo/pages/style1/static/css/helper.css]
[atypicalthemes.com/portfolio/nixo_creative_demo/pages/style1/static/css/animations.css]
[atypicalthemes.com/portfolio/nixo_creative_demo/pages/style1/static/404.html]
[atypicalthemes.com/portfolio/nixo_creative_demo/pages/style1/static/images/logo.svg]
[atypicalthemes.com/portfolio/nixo_creative_demo/pages/style1/static/images/team111.jpg]
[atypicalthemes.com/portfolio/nixo_creative_demo/pages/style1/static/images/team333.jpg]
[atypicalthemes.com/portfolio/nixo_creative_demo/pages/style1/static/images/team444.jpg]
[atypicalthemes.com/portfolio/nixo_creative_demo/pages/style1/static/images/team222.jpg]
[atypicalthemes.com/portfolio/nixo_creative_demo/pages/style1/static/images/port1.jpg]
[atypicalthemes.com/portfolio/nixo_creative_demo/pages/style1/static/images/port6.jpg]
[atypicalthemes.com/portfolio/nixo_creative_demo/pages/style1/static/images/port3.jpg]
[atypicalthemes.com/portfolio/nixo_creative_demo/pages/style1/static/images/port8.jpg]
[atypicalthemes.com/portfolio/nixo_creative_demo/pages/style1/static/images/port5.jpg]
[atypicalthemes.com/portfolio/nixo_creative_demo/pages/style1/static/images/port2.jpg]
[atypicalthemes.com/portfolio/nixo_creative_demo/pages/style1/static/images/port7.jpg]
[atypicalthemes.com/portfolio/nixo_creative_demo/pages/style1/static/images/port4.jpg]
[atypicalthemes.com/portfolio/nixo_creative_demo/pages/style1/static/images/port9.jpg]
[atypicalthemes.com/portfolio/nixo_creative_demo/pages/style1/static/images/testimonial1.jpg]
[atypicalthemes.com/portfolio/nixo_creative_demo/pages/style1/static/images/testimonial2.jpg]
[atypicalthemes.com/portfolio/nixo_creative_demo/pages/style1/static/images/testimonial3.jpg]
[atypicalthemes.com/portfolio/nixo_creative_demo/pages/style1/static/images/brand1.png]
[atypicalthemes.com/portfolio/nixo_creative_demo/pages/style1/static/images/brand5.png]
[atypicalthemes.com/portfolio/nixo_creative_demo/pages/style1/static/images/brand3.png]
[atypicalthemes.com/portfolio/nixo_creative_demo/pages/style1/static/images/brand4.png]
[atypicalthemes.com/portfolio/nixo_creative_demo/pages/style1/static/js/validator.min.js]
[atypicalthemes.com/portfolio/nixo_creative_demo/pages/style1/static/js/jquery-2.2.4.min.js]
[atypicalthemes.com/portfolio/nixo_creative_demo/pages/style1/static/js/jquery.appear.js]
[atypicalthemes.com/portfolio/nixo_creative_demo/pages/style1/static/js/bootstrap.min.js]
[atypicalthemes.com/portfolio/nixo_creative_demo/pages/style1/static/js/isotope.pkgd.min.js]
[atypicalthemes.com/portfolio/nixo_creative_demo/pages/style1/static/js/style-switcher.js]
[atypicalthemes.com/portfolio/nixo_creative_demo/pages/style1/static/js/lightbox.min.js]
[atypicalthemes.com/portfolio/nixo_creative_demo/pages/style1/static/index.html]
[atypicalthemes.com/portfolio/nixo_creative_demo/pages/style1/static/js/nixo.js]
[atypicalthemes.com/portfolio/nixo_creative_demo/pages/style1/video/images/favicon/apple-icon-57x57.png]
[atypicalthemes.com/portfolio/nixo_creative_demo/pages/style1/video/images/favicon/apple-icon-60x60.png]
[atypicalthemes.com/portfolio/nixo_creative_demo/pages/style1/video/images/favicon/apple-icon-72x72.png]
[atypicalthemes.com/portfolio/nixo_creative_demo/pages/style1/video/images/favicon/apple-icon-76x76.png]
[atypicalthemes.com/portfolio/nixo_creative_demo/pages/style1/video/images/favicon/apple-icon-114x114.png]
[atypicalthemes.com/portfolio/nixo_creative_demo/pages/style1/video/images/favicon/apple-icon-120x120.png]
[atypicalthemes.com/portfolio/nixo_creative_demo/pages/style1/video/images/favicon/apple-icon-144x144.png]
[atypicalthemes.com/portfolio/nixo_creative_demo/pages/style1/video/images/favicon/apple-icon-152x152.png]
[atypicalthemes.com/portfolio/nixo_creative_demo/pages/style1/video/images/favicon/apple-icon-180x180.png]
[atypicalthemes.com/portfolio/nixo_creative_demo/pages/style1/video/images/favicon/android-icon-192x192.png]
[atypicalthemes.com/portfolio/nixo_creative_demo/pages/style1/video/images/favicon/favicon-32x32.png]
[atypicalthemes.com/portfolio/nixo_creative_demo/pages/style1/video/images/favicon/favicon-96x96.png]
[atypicalthemes.com/portfolio/nixo_creative_demo/pages/style1/video/images/favicon/favicon-16x16.png]
[atypicalthemes.com/portfolio/nixo_creative_demo/pages/style1/video/css/bootstrap.min.css]
[atypicalthemes.com/portfolio/nixo_creative_demo/pages/style1/video/css/style.css]
[atypicalthemes.com/portfolio/nixo_creative_demo/pages/style1/video/css/colors.css]
[atypicalthemes.com/portfolio/nixo_creative_demo/pages/style1/video/css/responsive.css]
[atypicalthemes.com/portfolio/nixo_creative_demo/pages/style1/video/css/lightbox.min.css]
[atypicalthemes.com/portfolio/nixo_creative_demo/pages/style1/video/css/font-awesome.min.css]
[atypicalthemes.com/portfolio/nixo_creative_demo/pages/style1/video/css/pe-icon-7-stroke.css]
[atypicalthemes.com/portfolio/nixo_creative_demo/pages/style1/video/css/helper.css]
[atypicalthemes.com/portfolio/nixo_creative_demo/pages/style1/video/css/animations.css]
[atypicalthemes.com/portfolio/nixo_creative_demo/pages/style1/video/404.html]
[atypicalthemes.com/portfolio/nixo_creative_demo/pages/style1/video/images/logo.svg]
[atypicalthemes.com/portfolio/nixo_creative_demo/pages/style1/video/images/poster.png]
[atypicalthemes.com/portfolio/nixo_creative_demo/pages/style1/video/images/bgvid.mp4]
[atypicalthemes.com/portfolio/nixo_creative_demo/pages/style1/video/images/team111.jpg]
[atypicalthemes.com/portfolio/nixo_creative_demo/pages/style1/video/images/team333.jpg]
[atypicalthemes.com/portfolio/nixo_creative_demo/pages/style1/video/images/team444.jpg]
[atypicalthemes.com/portfolio/nixo_creative_demo/pages/style1/video/images/team222.jpg]
[atypicalthemes.com/portfolio/nixo_creative_demo/pages/style1/video/images/port1.jpg]
[atypicalthemes.com/portfolio/nixo_creative_demo/pages/style1/video/images/port6.jpg]
[atypicalthemes.com/portfolio/nixo_creative_demo/pages/style1/video/images/port3.jpg]
[atypicalthemes.com/portfolio/nixo_creative_demo/pages/style1/video/images/port8.jpg]
[atypicalthemes.com/portfolio/nixo_creative_demo/pages/style1/video/images/port5.jpg]
[atypicalthemes.com/portfolio/nixo_creative_demo/pages/style1/video/images/port2.jpg]
[atypicalthemes.com/portfolio/nixo_creative_demo/pages/style1/video/images/port7.jpg]
[atypicalthemes.com/portfolio/nixo_creative_demo/pages/style1/video/images/port4.jpg]
[atypicalthemes.com/portfolio/nixo_creative_demo/pages/style1/video/images/port9.jpg]
[atypicalthemes.com/portfolio/nixo_creative_demo/pages/style1/video/images/testimonial1.jpg]
[atypicalthemes.com/portfolio/nixo_creative_demo/pages/style1/video/images/testimonial2.jpg]
[atypicalthemes.com/portfolio/nixo_creative_demo/pages/style1/video/images/testimonial3.jpg]
[atypicalthemes.com/portfolio/nixo_creative_demo/pages/style1/video/images/brand1.png]
[atypicalthemes.com/portfolio/nixo_creative_demo/pages/style1/video/images/brand5.png]
[atypicalthemes.com/portfolio/nixo_creative_demo/pages/style1/video/images/brand3.png]
[atypicalthemes.com/portfolio/nixo_creative_demo/pages/style1/video/images/brand4.png]
[atypicalthemes.com/portfolio/nixo_creative_demo/pages/style1/video/js/validator.min.js]
[atypicalthemes.com/portfolio/nixo_creative_demo/pages/style1/video/js/jquery.appear.js]
[atypicalthemes.com/portfolio/nixo_creative_demo/pages/style1/video/js/bootstrap.min.js]
[atypicalthemes.com/portfolio/nixo_creative_demo/pages/style1/video/js/jquery-2.2.4.min.js]
[atypicalthemes.com/portfolio/nixo_creative_demo/pages/style1/video/js/style-switcher.js]
[atypicalthemes.com/portfolio/nixo_creative_demo/pages/style1/video/js/isotope.pkgd.min.js]
[atypicalthemes.com/portfolio/nixo_creative_demo/pages/style1/video/index.html]
[atypicalthemes.com/portfolio/nixo_creative_demo/pages/style1/video/js/lightbox.min.js]
[atypicalthemes.com/portfolio/nixo_creative_demo/pages/style1/video/js/nixo.js]
[atypicalthemes.com/portfolio/nixo_creative_demo/pages/style1/slider/images/favicon/apple-icon-57x57.png]
[atypicalthemes.com/portfolio/nixo_creative_demo/pages/style1/slider/images/favicon/apple-icon-60x60.png]
[atypicalthemes.com/portfolio/nixo_creative_demo/pages/style1/slider/images/favicon/apple-icon-72x72.png]
[atypicalthemes.com/portfolio/nixo_creative_demo/pages/style1/slider/images/favicon/apple-icon-76x76.png]
[atypicalthemes.com/portfolio/nixo_creative_demo/pages/style1/slider/images/favicon/apple-icon-114x114.png]
[atypicalthemes.com/portfolio/nixo_creative_demo/pages/style1/slider/images/favicon/apple-icon-120x120.png]
[atypicalthemes.com/portfolio/nixo_creative_demo/pages/style1/slider/images/favicon/apple-icon-144x144.png]
[atypicalthemes.com/portfolio/nixo_creative_demo/pages/style1/slider/images/favicon/apple-icon-152x152.png]
[atypicalthemes.com/portfolio/nixo_creative_demo/pages/style1/slider/images/favicon/apple-icon-180x180.png]
[atypicalthemes.com/portfolio/nixo_creative_demo/pages/style1/slider/images/favicon/android-icon-192x192.png]
[atypicalthemes.com/portfolio/nixo_creative_demo/pages/style1/slider/images/favicon/favicon-32x32.png]
[atypicalthemes.com/portfolio/nixo_creative_demo/pages/style1/slider/images/favicon/favicon-96x96.png]
[atypicalthemes.com/portfolio/nixo_creative_demo/pages/style1/slider/images/favicon/favicon-16x16.png]
[atypicalthemes.com/portfolio/nixo_creative_demo/pages/style1/slider/css/bootstrap.min.css]
[atypicalthemes.com/portfolio/nixo_creative_demo/pages/style1/slider/css/style.css]
[atypicalthemes.com/portfolio/nixo_creative_demo/pages/style1/slider/css/colors.css]
[atypicalthemes.com/portfolio/nixo_creative_demo/pages/style1/slider/css/responsive.css]
[atypicalthemes.com/portfolio/nixo_creative_demo/pages/style1/slider/css/lightbox.min.css]
[atypicalthemes.com/portfolio/nixo_creative_demo/pages/style1/slider/css/font-awesome.min.css]
[atypicalthemes.com/portfolio/nixo_creative_demo/pages/style1/slider/css/pe-icon-7-stroke.css]
[atypicalthemes.com/portfolio/nixo_creative_demo/pages/style1/slider/css/helper.css]
[atypicalthemes.com/portfolio/nixo_creative_demo/pages/style1/slider/css/animations.css]
[atypicalthemes.com/portfolio/nixo_creative_demo/pages/style1/slider/404.html]
[atypicalthemes.com/portfolio/nixo_creative_demo/pages/style1/slider/images/logo.svg]
[atypicalthemes.com/portfolio/nixo_creative_demo/pages/style1/slider/images/hero1.jpg]
[atypicalthemes.com/portfolio/nixo_creative_demo/pages/style1/slider/images/hero2.jpg]
[atypicalthemes.com/portfolio/nixo_creative_demo/pages/style1/slider/images/hero3.jpg]
[atypicalthemes.com/portfolio/nixo_creative_demo/pages/style1/slider/images/team111.jpg]
[atypicalthemes.com/portfolio/nixo_creative_demo/pages/style1/slider/images/team333.jpg]
[atypicalthemes.com/portfolio/nixo_creative_demo/pages/style1/slider/images/team444.jpg]
[atypicalthemes.com/portfolio/nixo_creative_demo/pages/style1/slider/images/team222.jpg]
[atypicalthemes.com/portfolio/nixo_creative_demo/pages/style1/slider/images/port1.jpg]
[atypicalthemes.com/portfolio/nixo_creative_demo/pages/style1/slider/images/port6.jpg]
[atypicalthemes.com/portfolio/nixo_creative_demo/pages/style1/slider/images/port3.jpg]
[atypicalthemes.com/portfolio/nixo_creative_demo/pages/style1/slider/images/port8.jpg]
[atypicalthemes.com/portfolio/nixo_creative_demo/pages/style1/slider/images/port5.jpg]
[atypicalthemes.com/portfolio/nixo_creative_demo/pages/style1/slider/images/port2.jpg]
[atypicalthemes.com/portfolio/nixo_creative_demo/pages/style1/slider/images/port7.jpg]
[atypicalthemes.com/portfolio/nixo_creative_demo/pages/style1/slider/images/port4.jpg]
[atypicalthemes.com/portfolio/nixo_creative_demo/pages/style1/slider/images/port9.jpg]
[atypicalthemes.com/portfolio/nixo_creative_demo/pages/style1/slider/images/testimonial1.jpg]
[atypicalthemes.com/portfolio/nixo_creative_demo/pages/style1/slider/images/testimonial2.jpg]
[atypicalthemes.com/portfolio/nixo_creative_demo/pages/style1/slider/images/testimonial3.jpg]
[atypicalthemes.com/portfolio/nixo_creative_demo/pages/style1/slider/images/brand1.png]
[atypicalthemes.com/portfolio/nixo_creative_demo/pages/style1/slider/images/brand5.png]
[atypicalthemes.com/portfolio/nixo_creative_demo/pages/style1/slider/images/brand3.png]
[atypicalthemes.com/portfolio/nixo_creative_demo/pages/style1/slider/images/brand4.png]
[atypicalthemes.com/portfolio/nixo_creative_demo/pages/style1/slider/js/validator.min.js]
[atypicalthemes.com/portfolio/nixo_creative_demo/pages/style1/slider/js/jquery.appear.js]
[atypicalthemes.com/portfolio/nixo_creative_demo/pages/style1/slider/js/jquery-2.2.4.min.js]
[atypicalthemes.com/portfolio/nixo_creative_demo/pages/style1/slider/js/bootstrap.min.js]
[atypicalthemes.com/portfolio/nixo_creative_demo/pages/style1/slider/js/slider.js]
[atypicalthemes.com/portfolio/nixo_creative_demo/pages/style1/slider/js/style-switcher.js]
[atypicalthemes.com/portfolio/nixo_creative_demo/pages/style1/slider/js/lightbox.min.js]
[atypicalthemes.com/portfolio/nixo_creative_demo/pages/style1/slider/js/isotope.pkgd.min.js]
[atypicalthemes.com/portfolio/nixo_creative_demo/pages/style1/slider/index.html]
[atypicalthemes.com/portfolio/nixo_creative_demo/pages/style1/slider/js/nixo.js]
[atypicalthemes.com/portfolio/nixo_creative_demo/pages/style2/parallax/images/favicon/apple-icon-57x57.png]
[atypicalthemes.com/portfolio/nixo_creative_demo/pages/style2/parallax/images/favicon/apple-icon-60x60.png]
[atypicalthemes.com/portfolio/nixo_creative_demo/pages/style2/parallax/images/favicon/apple-icon-72x72.png]
[atypicalthemes.com/portfolio/nixo_creative_demo/pages/style2/parallax/images/favicon/apple-icon-76x76.png]
[atypicalthemes.com/portfolio/nixo_creative_demo/pages/style2/parallax/images/favicon/apple-icon-114x114.png]
[atypicalthemes.com/portfolio/nixo_creative_demo/pages/style2/parallax/images/favicon/apple-icon-120x120.png]
[atypicalthemes.com/portfolio/nixo_creative_demo/pages/style2/parallax/images/favicon/apple-icon-144x144.png]
[atypicalthemes.com/portfolio/nixo_creative_demo/pages/style2/parallax/images/favicon/apple-icon-152x152.png]
[atypicalthemes.com/portfolio/nixo_creative_demo/pages/style2/parallax/images/favicon/apple-icon-180x180.png]
[atypicalthemes.com/portfolio/nixo_creative_demo/pages/style2/parallax/images/favicon/android-icon-192x192.png]
[atypicalthemes.com/portfolio/nixo_creative_demo/pages/style2/parallax/images/favicon/favicon-32x32.png]
[atypicalthemes.com/portfolio/nixo_creative_demo/pages/style2/parallax/images/favicon/favicon-96x96.png]
[atypicalthemes.com/portfolio/nixo_creative_demo/pages/style2/parallax/images/favicon/favicon-16x16.png]
[atypicalthemes.com/portfolio/nixo_creative_demo/pages/style2/parallax/css/bootstrap.min.css]
[atypicalthemes.com/portfolio/nixo_creative_demo/pages/style2/parallax/css/style.css]
[atypicalthemes.com/portfolio/nixo_creative_demo/pages/style2/parallax/css/colors.css]
[atypicalthemes.com/portfolio/nixo_creative_demo/pages/style2/parallax/css/responsive.css]
[atypicalthemes.com/portfolio/nixo_creative_demo/pages/style2/parallax/css/lightbox.min.css]
[atypicalthemes.com/portfolio/nixo_creative_demo/pages/style2/parallax/css/font-awesome.min.css]
[atypicalthemes.com/portfolio/nixo_creative_demo/pages/style2/parallax/css/pe-icon-7-stroke.css]
[atypicalthemes.com/portfolio/nixo_creative_demo/pages/style2/parallax/css/helper.css]
[atypicalthemes.com/portfolio/nixo_creative_demo/pages/style2/parallax/css/animations.css]
[atypicalthemes.com/portfolio/nixo_creative_demo/pages/style2/parallax/404.html]
[atypicalthemes.com/portfolio/nixo_creative_demo/pages/style2/parallax/images/logo.svg]
[atypicalthemes.com/portfolio/nixo_creative_demo/pages/style2/parallax/images/team111.jpg]
[atypicalthemes.com/portfolio/nixo_creative_demo/pages/style2/parallax/images/team444.jpg]
[atypicalthemes.com/portfolio/nixo_creative_demo/pages/style2/parallax/images/team222.jpg]
[atypicalthemes.com/portfolio/nixo_creative_demo/pages/style2/parallax/images/port1.jpg]
[atypicalthemes.com/portfolio/nixo_creative_demo/pages/style2/parallax/images/port2.jpg]
[atypicalthemes.com/portfolio/nixo_creative_demo/pages/style2/parallax/images/port10.jpg]
[atypicalthemes.com/portfolio/nixo_creative_demo/pages/style2/parallax/images/port9.jpg]
[atypicalthemes.com/portfolio/nixo_creative_demo/pages/style2/parallax/images/port11.jpg]
[atypicalthemes.com/portfolio/nixo_creative_demo/pages/style2/parallax/images/port6.jpg]
[atypicalthemes.com/portfolio/nixo_creative_demo/pages/style2/parallax/images/port7.jpg]
[atypicalthemes.com/portfolio/nixo_creative_demo/pages/style2/parallax/images/port8.jpg]
[atypicalthemes.com/portfolio/nixo_creative_demo/pages/style2/parallax/images/port4.jpg]
[atypicalthemes.com/portfolio/nixo_creative_demo/pages/style2/parallax/images/port5.jpg]
[atypicalthemes.com/portfolio/nixo_creative_demo/pages/style2/parallax/images/port3.jpg]
[atypicalthemes.com/portfolio/nixo_creative_demo/pages/style2/parallax/images/port12.jpg]
[atypicalthemes.com/portfolio/nixo_creative_demo/pages/style2/parallax/images/testimonial1.jpg]
[atypicalthemes.com/portfolio/nixo_creative_demo/pages/style2/parallax/images/testimonial2.jpg]
[atypicalthemes.com/portfolio/nixo_creative_demo/pages/style2/parallax/images/testimonial3.jpg]
[atypicalthemes.com/portfolio/nixo_creative_demo/pages/style2/parallax/images/brand1.png]
[atypicalthemes.com/portfolio/nixo_creative_demo/pages/style2/parallax/images/brand2.png]
[atypicalthemes.com/portfolio/nixo_creative_demo/pages/style2/parallax/images/brand3.png]
[atypicalthemes.com/portfolio/nixo_creative_demo/pages/style2/parallax/images/brand4.png]
[atypicalthemes.com/portfolio/nixo_creative_demo/pages/style2/parallax/images/brand5.png]
[atypicalthemes.com/portfolio/nixo_creative_demo/pages/style2/parallax/js/validator.min.js]
[atypicalthemes.com/portfolio/nixo_creative_demo/pages/style2/parallax/js/jquery.appear.js]
[atypicalthemes.com/portfolio/nixo_creative_demo/pages/style2/parallax/js/waypoints.min.js]
[atypicalthemes.com/portfolio/nixo_creative_demo/pages/style2/parallax/js/jquery.counterup.min.js]
[atypicalthemes.com/portfolio/nixo_creative_demo/pages/style2/parallax/js/jquery-2.2.4.min.js]
[atypicalthemes.com/portfolio/nixo_creative_demo/pages/style2/parallax/js/bootstrap.min.js]
[atypicalthemes.com/portfolio/nixo_creative_demo/pages/style2/parallax/js/isotope.pkgd.min.js]
[atypicalthemes.com/portfolio/nixo_creative_demo/pages/style2/parallax/js/style-switcher.js]
[atypicalthemes.com/portfolio/nixo_creative_demo/pages/style2/parallax/js/lightbox.min.js]
[atypicalthemes.com/portfolio/nixo_creative_demo/pages/style2/parallax/index.html]
[atypicalthemes.com/portfolio/nixo_creative_demo/pages/style2/parallax/js/nixo.js]
[atypicalthemes.com/portfolio/nixo_creative_demo/pages/style2/static/images/favicon/apple-icon-57x57.png]
[atypicalthemes.com/portfolio/nixo_creative_demo/pages/style2/static/images/favicon/apple-icon-60x60.png]
[atypicalthemes.com/portfolio/nixo_creative_demo/pages/style2/static/images/favicon/apple-icon-72x72.png]
[atypicalthemes.com/portfolio/nixo_creative_demo/pages/style2/static/images/favicon/apple-icon-76x76.png]
[atypicalthemes.com/portfolio/nixo_creative_demo/pages/style2/static/images/favicon/apple-icon-114x114.png]
[atypicalthemes.com/portfolio/nixo_creative_demo/pages/style2/static/images/favicon/apple-icon-120x120.png]
[atypicalthemes.com/portfolio/nixo_creative_demo/pages/style2/static/images/favicon/apple-icon-144x144.png]
[atypicalthemes.com/portfolio/nixo_creative_demo/pages/style2/static/images/favicon/apple-icon-152x152.png]
[atypicalthemes.com/portfolio/nixo_creative_demo/pages/style2/static/images/favicon/apple-icon-180x180.png]
[atypicalthemes.com/portfolio/nixo_creative_demo/pages/style2/static/images/favicon/android-icon-192x192.png]
[atypicalthemes.com/portfolio/nixo_creative_demo/pages/style2/static/images/favicon/favicon-32x32.png]
[atypicalthemes.com/portfolio/nixo_creative_demo/pages/style2/static/images/favicon/favicon-96x96.png]
[atypicalthemes.com/portfolio/nixo_creative_demo/pages/style2/static/images/favicon/favicon-16x16.png]
[atypicalthemes.com/portfolio/nixo_creative_demo/pages/style2/static/css/bootstrap.min.css]
[atypicalthemes.com/portfolio/nixo_creative_demo/pages/style2/static/css/style.css]
[atypicalthemes.com/portfolio/nixo_creative_demo/pages/style2/static/css/colors.css]
[atypicalthemes.com/portfolio/nixo_creative_demo/pages/style2/static/css/responsive.css]
[atypicalthemes.com/portfolio/nixo_creative_demo/pages/style2/static/css/lightbox.min.css]
[atypicalthemes.com/portfolio/nixo_creative_demo/pages/style2/static/css/font-awesome.min.css]
[atypicalthemes.com/portfolio/nixo_creative_demo/pages/style2/static/css/pe-icon-7-stroke.css]
[atypicalthemes.com/portfolio/nixo_creative_demo/pages/style2/static/css/helper.css]
[atypicalthemes.com/portfolio/nixo_creative_demo/pages/style2/static/css/animations.css]
[atypicalthemes.com/portfolio/nixo_creative_demo/pages/style2/static/404.html]
[atypicalthemes.com/portfolio/nixo_creative_demo/pages/style2/static/images/logo.svg]
[atypicalthemes.com/portfolio/nixo_creative_demo/pages/style2/static/images/team111.jpg]
[atypicalthemes.com/portfolio/nixo_creative_demo/pages/style2/static/images/team444.jpg]
[atypicalthemes.com/portfolio/nixo_creative_demo/pages/style2/static/images/team222.jpg]
[atypicalthemes.com/portfolio/nixo_creative_demo/pages/style2/static/images/port1.jpg]
[atypicalthemes.com/portfolio/nixo_creative_demo/pages/style2/static/images/port2.jpg]
[atypicalthemes.com/portfolio/nixo_creative_demo/pages/style2/static/images/port10.jpg]
[atypicalthemes.com/portfolio/nixo_creative_demo/pages/style2/static/images/port9.jpg]
[atypicalthemes.com/portfolio/nixo_creative_demo/pages/style2/static/images/port11.jpg]
[atypicalthemes.com/portfolio/nixo_creative_demo/pages/style2/static/images/port6.jpg]
[atypicalthemes.com/portfolio/nixo_creative_demo/pages/style2/static/images/port7.jpg]
[atypicalthemes.com/portfolio/nixo_creative_demo/pages/style2/static/images/port8.jpg]
[atypicalthemes.com/portfolio/nixo_creative_demo/pages/style2/static/images/port4.jpg]
[atypicalthemes.com/portfolio/nixo_creative_demo/pages/style2/static/images/port5.jpg]
[atypicalthemes.com/portfolio/nixo_creative_demo/pages/style2/static/images/port3.jpg]
[atypicalthemes.com/portfolio/nixo_creative_demo/pages/style2/static/images/port12.jpg]
[atypicalthemes.com/portfolio/nixo_creative_demo/pages/style2/static/images/testimonial1.jpg]
[atypicalthemes.com/portfolio/nixo_creative_demo/pages/style2/static/images/testimonial2.jpg]
[atypicalthemes.com/portfolio/nixo_creative_demo/pages/style2/static/images/testimonial3.jpg]
[atypicalthemes.com/portfolio/nixo_creative_demo/pages/style2/static/images/brand1.png]
[atypicalthemes.com/portfolio/nixo_creative_demo/pages/style2/static/images/brand2.png]
[atypicalthemes.com/portfolio/nixo_creative_demo/pages/style2/static/images/brand3.png]
[atypicalthemes.com/portfolio/nixo_creative_demo/pages/style2/static/images/brand4.png]
[atypicalthemes.com/portfolio/nixo_creative_demo/pages/style2/static/images/brand5.png]
[atypicalthemes.com/portfolio/nixo_creative_demo/pages/style2/static/js/validator.min.js]
[atypicalthemes.com/portfolio/nixo_creative_demo/pages/style2/static/js/jquery.appear.js]
[atypicalthemes.com/portfolio/nixo_creative_demo/pages/style2/static/js/waypoints.min.js]
[atypicalthemes.com/portfolio/nixo_creative_demo/pages/style2/static/js/jquery.counterup.min.js]
[atypicalthemes.com/portfolio/nixo_creative_demo/pages/style2/static/js/jquery-2.2.4.min.js]
[atypicalthemes.com/portfolio/nixo_creative_demo/pages/style2/static/js/bootstrap.min.js]
[atypicalthemes.com/portfolio/nixo_creative_demo/pages/style2/static/js/isotope.pkgd.min.js]
[atypicalthemes.com/portfolio/nixo_creative_demo/pages/style2/static/js/style-switcher.js]
[atypicalthemes.com/portfolio/nixo_creative_demo/pages/style2/static/index.html]
[atypicalthemes.com/portfolio/nixo_creative_demo/pages/style2/static/js/lightbox.min.js]
[atypicalthemes.com/portfolio/nixo_creative_demo/pages/style2/static/js/nixo.js]
[atypicalthemes.com/portfolio/nixo_creative_demo/pages/style2/video/images/favicon/apple-icon-57x57.png]
[atypicalthemes.com/portfolio/nixo_creative_demo/pages/style2/video/images/favicon/apple-icon-60x60.png]
[atypicalthemes.com/portfolio/nixo_creative_demo/pages/style2/video/images/favicon/apple-icon-72x72.png]
[atypicalthemes.com/portfolio/nixo_creative_demo/pages/style2/video/images/favicon/apple-icon-76x76.png]
[atypicalthemes.com/portfolio/nixo_creative_demo/pages/style2/video/images/favicon/apple-icon-114x114.png]
[atypicalthemes.com/portfolio/nixo_creative_demo/pages/style2/video/images/favicon/apple-icon-120x120.png]
[atypicalthemes.com/portfolio/nixo_creative_demo/pages/style2/video/images/favicon/apple-icon-144x144.png]
[atypicalthemes.com/portfolio/nixo_creative_demo/pages/style2/video/images/favicon/apple-icon-152x152.png]
[atypicalthemes.com/portfolio/nixo_creative_demo/pages/style2/video/images/favicon/apple-icon-180x180.png]
[atypicalthemes.com/portfolio/nixo_creative_demo/pages/style2/video/images/favicon/android-icon-192x192.png]
[atypicalthemes.com/portfolio/nixo_creative_demo/pages/style2/video/images/favicon/favicon-32x32.png]
[atypicalthemes.com/portfolio/nixo_creative_demo/pages/style2/video/images/favicon/favicon-96x96.png]
[atypicalthemes.com/portfolio/nixo_creative_demo/pages/style2/video/images/favicon/favicon-16x16.png]
[atypicalthemes.com/portfolio/nixo_creative_demo/pages/style2/video/css/bootstrap.min.css]
[atypicalthemes.com/portfolio/nixo_creative_demo/pages/style2/video/css/style.css]
[atypicalthemes.com/portfolio/nixo_creative_demo/pages/style2/video/css/colors.css]
[atypicalthemes.com/portfolio/nixo_creative_demo/pages/style2/video/css/responsive.css]
[atypicalthemes.com/portfolio/nixo_creative_demo/pages/style2/video/css/lightbox.min.css]
[atypicalthemes.com/portfolio/nixo_creative_demo/pages/style2/video/css/font-awesome.min.css]
[atypicalthemes.com/portfolio/nixo_creative_demo/pages/style2/video/css/pe-icon-7-stroke.css]
[atypicalthemes.com/portfolio/nixo_creative_demo/pages/style2/video/css/helper.css]
[atypicalthemes.com/portfolio/nixo_creative_demo/pages/style2/video/css/animations.css]
[atypicalthemes.com/portfolio/nixo_creative_demo/pages/style2/video/404.html]
[atypicalthemes.com/portfolio/nixo_creative_demo/pages/style2/video/images/logo.svg]
[atypicalthemes.com/portfolio/nixo_creative_demo/pages/style2/video/images/poster.png]
[atypicalthemes.com/portfolio/nixo_creative_demo/pages/style2/video/images/bgvid.mp4]
[atypicalthemes.com/portfolio/nixo_creative_demo/pages/style2/video/images/team111.jpg]
[atypicalthemes.com/portfolio/nixo_creative_demo/pages/style2/video/images/team444.jpg]
[atypicalthemes.com/portfolio/nixo_creative_demo/pages/style2/video/images/team222.jpg]
[atypicalthemes.com/portfolio/nixo_creative_demo/pages/style2/video/images/port1.jpg]
[atypicalthemes.com/portfolio/nixo_creative_demo/pages/style2/video/images/port2.jpg]
[atypicalthemes.com/portfolio/nixo_creative_demo/pages/style2/video/images/port10.jpg]
[atypicalthemes.com/portfolio/nixo_creative_demo/pages/style2/video/images/port9.jpg]
[atypicalthemes.com/portfolio/nixo_creative_demo/pages/style2/video/images/port11.jpg]
[atypicalthemes.com/portfolio/nixo_creative_demo/pages/style2/video/images/port6.jpg]
[atypicalthemes.com/portfolio/nixo_creative_demo/pages/style2/video/images/port7.jpg]
[atypicalthemes.com/portfolio/nixo_creative_demo/pages/style2/video/images/port8.jpg]
[atypicalthemes.com/portfolio/nixo_creative_demo/pages/style2/video/images/port4.jpg]
[atypicalthemes.com/portfolio/nixo_creative_demo/pages/style2/video/images/port5.jpg]
[atypicalthemes.com/portfolio/nixo_creative_demo/pages/style2/video/images/port3.jpg]
[atypicalthemes.com/portfolio/nixo_creative_demo/pages/style2/video/images/port12.jpg]
[atypicalthemes.com/portfolio/nixo_creative_demo/pages/style2/video/images/testimonial1.jpg]
[atypicalthemes.com/portfolio/nixo_creative_demo/pages/style2/video/images/testimonial2.jpg]
[atypicalthemes.com/portfolio/nixo_creative_demo/pages/style2/video/images/testimonial3.jpg]
[atypicalthemes.com/portfolio/nixo_creative_demo/pages/style2/video/images/brand1.png]
[atypicalthemes.com/portfolio/nixo_creative_demo/pages/style2/video/images/brand2.png]
[atypicalthemes.com/portfolio/nixo_creative_demo/pages/style2/video/images/brand3.png]
[atypicalthemes.com/portfolio/nixo_creative_demo/pages/style2/video/images/brand4.png]
[atypicalthemes.com/portfolio/nixo_creative_demo/pages/style2/video/images/brand5.png]
[atypicalthemes.com/portfolio/nixo_creative_demo/pages/style2/video/js/jquery-2.2.4.min.js]
[atypicalthemes.com/portfolio/nixo_creative_demo/pages/style2/video/js/validator.min.js]
[atypicalthemes.com/portfolio/nixo_creative_demo/pages/style2/video/js/jquery.appear.js]
[atypicalthemes.com/portfolio/nixo_creative_demo/pages/style2/video/js/waypoints.min.js]
[atypicalthemes.com/portfolio/nixo_creative_demo/pages/style2/video/js/jquery.counterup.min.js]
[atypicalthemes.com/portfolio/nixo_creative_demo/pages/style2/video/js/bootstrap.min.js]
[atypicalthemes.com/portfolio/nixo_creative_demo/pages/style2/video/js/isotope.pkgd.min.js]
[atypicalthemes.com/portfolio/nixo_creative_demo/pages/style2/video/js/style-switcher.js]
[atypicalthemes.com/portfolio/nixo_creative_demo/pages/style2/video/js/lightbox.min.js]
[atypicalthemes.com/portfolio/nixo_creative_demo/pages/style2/video/js/nixo.js]
[atypicalthemes.com/portfolio/nixo_creative_demo/pages/style2/video/index.html]
[atypicalthemes.com/portfolio/nixo_creative_demo/pages/style2/slider/images/favicon/apple-icon-57x57.png]
[atypicalthemes.com/portfolio/nixo_creative_demo/pages/style2/slider/images/favicon/apple-icon-60x60.png]
[atypicalthemes.com/portfolio/nixo_creative_demo/pages/style2/slider/images/favicon/apple-icon-72x72.png]
[atypicalthemes.com/portfolio/nixo_creative_demo/pages/style2/slider/images/favicon/apple-icon-76x76.png]
[atypicalthemes.com/portfolio/nixo_creative_demo/pages/style2/slider/images/favicon/apple-icon-114x114.png]
[atypicalthemes.com/portfolio/nixo_creative_demo/pages/style2/slider/images/favicon/apple-icon-120x120.png]
[atypicalthemes.com/portfolio/nixo_creative_demo/pages/style2/slider/images/favicon/apple-icon-144x144.png]
[atypicalthemes.com/portfolio/nixo_creative_demo/pages/style2/slider/images/favicon/apple-icon-152x152.png]
[atypicalthemes.com/portfolio/nixo_creative_demo/pages/style2/slider/images/favicon/apple-icon-180x180.png]
[atypicalthemes.com/portfolio/nixo_creative_demo/pages/style2/slider/images/favicon/android-icon-192x192.png]
[atypicalthemes.com/portfolio/nixo_creative_demo/pages/style2/slider/images/favicon/favicon-32x32.png]
[atypicalthemes.com/portfolio/nixo_creative_demo/pages/style2/slider/images/favicon/favicon-96x96.png]
[atypicalthemes.com/portfolio/nixo_creative_demo/pages/style2/slider/images/favicon/favicon-16x16.png]
[atypicalthemes.com/portfolio/nixo_creative_demo/pages/style2/slider/css/bootstrap.min.css]
[atypicalthemes.com/portfolio/nixo_creative_demo/pages/style2/slider/css/style.css]
[atypicalthemes.com/portfolio/nixo_creative_demo/pages/style2/slider/css/colors.css]
[atypicalthemes.com/portfolio/nixo_creative_demo/pages/style2/slider/css/responsive.css]
[atypicalthemes.com/portfolio/nixo_creative_demo/pages/style2/slider/css/lightbox.min.css]
[atypicalthemes.com/portfolio/nixo_creative_demo/pages/style2/slider/css/font-awesome.min.css]
[atypicalthemes.com/portfolio/nixo_creative_demo/pages/style2/slider/css/pe-icon-7-stroke.css]
[atypicalthemes.com/portfolio/nixo_creative_demo/pages/style2/slider/css/helper.css]
[atypicalthemes.com/portfolio/nixo_creative_demo/pages/style2/slider/css/animations.css]
[atypicalthemes.com/portfolio/nixo_creative_demo/pages/style2/slider/404.html]
[atypicalthemes.com/portfolio/nixo_creative_demo/pages/style2/slider/images/logo.svg]
[atypicalthemes.com/portfolio/nixo_creative_demo/pages/style2/slider/images/hero1.jpg]
[atypicalthemes.com/portfolio/nixo_creative_demo/pages/style2/slider/images/hero2.jpg]
[atypicalthemes.com/portfolio/nixo_creative_demo/pages/style2/slider/images/hero3.jpg]
[atypicalthemes.com/portfolio/nixo_creative_demo/pages/style2/slider/images/team111.jpg]
[atypicalthemes.com/portfolio/nixo_creative_demo/pages/style2/slider/images/team444.jpg]
[atypicalthemes.com/portfolio/nixo_creative_demo/pages/style2/slider/images/team222.jpg]
[atypicalthemes.com/portfolio/nixo_creative_demo/pages/style2/slider/images/port1.jpg]
[atypicalthemes.com/portfolio/nixo_creative_demo/pages/style2/slider/images/port2.jpg]
[atypicalthemes.com/portfolio/nixo_creative_demo/pages/style2/slider/images/port10.jpg]
[atypicalthemes.com/portfolio/nixo_creative_demo/pages/style2/slider/images/port9.jpg]
[atypicalthemes.com/portfolio/nixo_creative_demo/pages/style2/slider/images/port11.jpg]
[atypicalthemes.com/portfolio/nixo_creative_demo/pages/style2/slider/images/port6.jpg]
[atypicalthemes.com/portfolio/nixo_creative_demo/pages/style2/slider/images/port7.jpg]
[atypicalthemes.com/portfolio/nixo_creative_demo/pages/style2/slider/images/port8.jpg]
[atypicalthemes.com/portfolio/nixo_creative_demo/pages/style2/slider/images/port4.jpg]
[atypicalthemes.com/portfolio/nixo_creative_demo/pages/style2/slider/images/port5.jpg]
[atypicalthemes.com/portfolio/nixo_creative_demo/pages/style2/slider/images/port3.jpg]
[atypicalthemes.com/portfolio/nixo_creative_demo/pages/style2/slider/images/port12.jpg]
[atypicalthemes.com/portfolio/nixo_creative_demo/pages/style2/slider/images/testimonial1.jpg]
[atypicalthemes.com/portfolio/nixo_creative_demo/pages/style2/slider/images/testimonial2.jpg]
[atypicalthemes.com/portfolio/nixo_creative_demo/pages/style2/slider/images/testimonial3.jpg]
[atypicalthemes.com/portfolio/nixo_creative_demo/pages/style2/slider/images/brand1.png]
[atypicalthemes.com/portfolio/nixo_creative_demo/pages/style2/slider/images/brand2.png]
[atypicalthemes.com/portfolio/nixo_creative_demo/pages/style2/slider/images/brand3.png]
[atypicalthemes.com/portfolio/nixo_creative_demo/pages/style2/slider/images/brand4.png]
[atypicalthemes.com/portfolio/nixo_creative_demo/pages/style2/slider/images/brand5.png]
[atypicalthemes.com/portfolio/nixo_creative_demo/pages/style2/slider/js/jquery-2.2.4.min.js]
[atypicalthemes.com/portfolio/nixo_creative_demo/pages/style2/slider/js/validator.min.js]
[atypicalthemes.com/portfolio/nixo_creative_demo/pages/style2/slider/js/jquery.appear.js]
[atypicalthemes.com/portfolio/nixo_creative_demo/pages/style2/slider/js/waypoints.min.js]
[atypicalthemes.com/portfolio/nixo_creative_demo/pages/style2/slider/js/jquery.counterup.min.js]
[atypicalthemes.com/portfolio/nixo_creative_demo/pages/style2/slider/js/bootstrap.min.js]
[atypicalthemes.com/portfolio/nixo_creative_demo/pages/style2/slider/js/slider.js]
[atypicalthemes.com/portfolio/nixo_creative_demo/pages/style2/slider/js/isotope.pkgd.min.js]
[atypicalthemes.com/portfolio/nixo_creative_demo/pages/style2/slider/js/style-switcher.js]
[atypicalthemes.com/portfolio/nixo_creative_demo/pages/style2/slider/js/lightbox.min.js]
[atypicalthemes.com/portfolio/nixo_creative_demo/pages/style2/slider/js/nixo.js]
[atypicalthemes.com/portfolio/nixo_creative_demo/pages/style2/slider/index.html]
[atypicalthemes.com/portfolio/nixo_creative_demo/fonts/glyphicons-halflings-regular.html]
[atypicalthemes.com/portfolio/nixo_creative_demo/fonts/glyphicons-halflings-regulard41d.html]
[atypicalthemes.com/portfolio/nixo_creative_demo/fonts/glyphicons-halflings-regular-2.html]
[atypicalthemes.com/portfolio/nixo_creative_demo/fonts/glyphicons-halflings-regular-3.html]
[atypicalthemes.com/portfolio/nixo_creative_demo/fonts/glyphicons-halflings-regular-4.html]
[atypicalthemes.com/portfolio/nixo_creative_demo/fonts/glyphicons-halflings-regular-5.html]
[atypicalthemes.com/portfolio/nixo_creative_demo/fonts/Pe-icon-7-strokebb1d.svg]
[atypicalthemes.com/portfolio/nixo_creative_demo/fonts/fontawesome-webfont3295.html]
[atypicalthemes.com/portfolio/nixo_creative_demo/fonts/fontawesome-webfont3295.svg]
[atypicalthemes.com/portfolio/nixo_creative_demo/pages/style1/parallax/fonts/glyphicons-halflings-regular.eot]
[atypicalthemes.com/portfolio/nixo_creative_demo/pages/style1/parallax/fonts/glyphicons-halflings-regulard41d.eot]
[atypicalthemes.com/portfolio/nixo_creative_demo/pages/style1/parallax/fonts/glyphicons-halflings-regular.woff2]
[atypicalthemes.com/portfolio/nixo_creative_demo/pages/style1/parallax/fonts/glyphicons-halflings-regular.woff]
[atypicalthemes.com/portfolio/nixo_creative_demo/pages/style1/parallax/fonts/glyphicons-halflings-regular.ttf]
[atypicalthemes.com/portfolio/nixo_creative_demo/pages/style1/parallax/fonts/glyphicons-halflings-regular.svg]
[atypicalthemes.com/portfolio/nixo_creative_demo/pages/style1/parallax/css/bootstrap.min.css]
[atypicalthemes.com/portfolio/nixo_creative_demo/pages/style1/parallax/images/hero.jpg]
[atypicalthemes.com/portfolio/nixo_creative_demo/pages/style1/parallax/images/404.png]
[atypicalthemes.com/portfolio/nixo_creative_demo/pages/style1/parallax/css/style.css]
[atypicalthemes.com/portfolio/nixo_creative_demo/pages/style1/parallax/css/colors.css]
[atypicalthemes.com/portfolio/nixo_creative_demo/pages/style1/parallax/css/responsive.css]
[atypicalthemes.com/portfolio/nixo_creative_demo/pages/style1/parallax/images/close.png]
[atypicalthemes.com/portfolio/nixo_creative_demo/pages/style1/parallax/images/loading.gif]
[atypicalthemes.com/portfolio/nixo_creative_demo/pages/style1/parallax/images/prev.png]
[atypicalthemes.com/portfolio/nixo_creative_demo/pages/style1/parallax/images/next.png]
[atypicalthemes.com/portfolio/nixo_creative_demo/pages/style1/parallax/css/lightbox.min.css]
[atypicalthemes.com/portfolio/nixo_creative_demo/pages/style1/parallax/fonts/fontawesome-webfont3295.eot]
[atypicalthemes.com/portfolio/nixo_creative_demo/pages/style1/parallax/fonts/fontawesome-webfontd41d.eot]
[atypicalthemes.com/portfolio/nixo_creative_demo/pages/style1/parallax/fonts/fontawesome-webfont3295.woff]
[atypicalthemes.com/portfolio/nixo_creative_demo/pages/style1/parallax/fonts/fontawesome-webfont3295.ttf]
[atypicalthemes.com/portfolio/nixo_creative_demo/pages/style1/parallax/fonts/fontawesome-webfont3295.svg]
[atypicalthemes.com/portfolio/nixo_creative_demo/pages/style1/parallax/css/font-awesome.min.css]
[atypicalthemes.com/portfolio/nixo_creative_demo/pages/style1/parallax/fonts/Pe-icon-7-strokebb1d.eot]
[atypicalthemes.com/portfolio/nixo_creative_demo/pages/style1/parallax/fonts/Pe-icon-7-stroked41d.eot]
[atypicalthemes.com/portfolio/nixo_creative_demo/pages/style1/parallax/fonts/Pe-icon-7-strokebb1d.woff]
[atypicalthemes.com/portfolio/nixo_creative_demo/pages/style1/parallax/fonts/Pe-icon-7-strokebb1d.ttf]
[atypicalthemes.com/portfolio/nixo_creative_demo/pages/style1/parallax/fonts/Pe-icon-7-strokebb1d.svg]
[atypicalthemes.com/portfolio/nixo_creative_demo/pages/style1/parallax/css/pe-icon-7-stroke.css]
[atypicalthemes.com/portfolio/nixo_creative_demo/pages/style1/parallax/css/helper.css]
[atypicalthemes.com/portfolio/nixo_creative_demo/pages/style1/parallax/css/animations.css]
[atypicalthemes.com/portfolio/nixo_creative_demo/pages/style1/parallax/404.html]
[atypicalthemes.com/portfolio/nixo_creative_demo/pages/style1/parallax/images/logo.svg]
[atypicalthemes.com/portfolio/nixo_creative_demo/pages/style1/static/fonts/glyphicons-halflings-regular.eot]
[atypicalthemes.com/portfolio/nixo_creative_demo/pages/style1/static/fonts/glyphicons-halflings-regulard41d.eot]
[atypicalthemes.com/portfolio/nixo_creative_demo/pages/style1/static/fonts/glyphicons-halflings-regular.woff2]
[atypicalthemes.com/portfolio/nixo_creative_demo/pages/style1/static/fonts/glyphicons-halflings-regular.woff]
[atypicalthemes.com/portfolio/nixo_creative_demo/pages/style1/static/fonts/glyphicons-halflings-regular.ttf]
[atypicalthemes.com/portfolio/nixo_creative_demo/pages/style1/static/fonts/glyphicons-halflings-regular.svg]
[atypicalthemes.com/portfolio/nixo_creative_demo/pages/style1/static/css/bootstrap.min.css]
[atypicalthemes.com/portfolio/nixo_creative_demo/pages/style1/static/images/hero.jpg]
[atypicalthemes.com/portfolio/nixo_creative_demo/pages/style1/static/images/404.png]
[atypicalthemes.com/portfolio/nixo_creative_demo/pages/style1/static/css/style.css]
[atypicalthemes.com/portfolio/nixo_creative_demo/pages/style1/static/css/colors.css]
[atypicalthemes.com/portfolio/nixo_creative_demo/pages/style1/static/css/responsive.css]
[atypicalthemes.com/portfolio/nixo_creative_demo/pages/style1/static/images/close.png]
[atypicalthemes.com/portfolio/nixo_creative_demo/pages/style1/static/images/loading.gif]
[atypicalthemes.com/portfolio/nixo_creative_demo/pages/style1/static/images/prev.png]
[atypicalthemes.com/portfolio/nixo_creative_demo/pages/style1/static/images/next.png]
[atypicalthemes.com/portfolio/nixo_creative_demo/pages/style1/static/css/lightbox.min.css]
[atypicalthemes.com/portfolio/nixo_creative_demo/pages/style1/static/fonts/fontawesome-webfont3295.eot]
[atypicalthemes.com/portfolio/nixo_creative_demo/pages/style1/static/fonts/fontawesome-webfontd41d.eot]
[atypicalthemes.com/portfolio/nixo_creative_demo/pages/style1/static/fonts/fontawesome-webfont3295.woff]
[atypicalthemes.com/portfolio/nixo_creative_demo/pages/style1/static/fonts/fontawesome-webfont3295.ttf]
[atypicalthemes.com/portfolio/nixo_creative_demo/pages/style1/static/css/font-awesome.min.css]
[atypicalthemes.com/portfolio/nixo_creative_demo/pages/style1/static/fonts/fontawesome-webfont3295.svg]
[atypicalthemes.com/portfolio/nixo_creative_demo/pages/style1/static/fonts/Pe-icon-7-strokebb1d.eot]
[atypicalthemes.com/portfolio/nixo_creative_demo/pages/style1/static/fonts/Pe-icon-7-strokebb1d.woff]
[atypicalthemes.com/portfolio/nixo_creative_demo/pages/style1/static/fonts/Pe-icon-7-stroked41d.eot]
[atypicalthemes.com/portfolio/nixo_creative_demo/pages/style1/static/fonts/Pe-icon-7-strokebb1d.ttf]
[atypicalthemes.com/portfolio/nixo_creative_demo/pages/style1/static/css/pe-icon-7-stroke.css]
[atypicalthemes.com/portfolio/nixo_creative_demo/pages/style1/static/css/helper.css]
[atypicalthemes.com/portfolio/nixo_creative_demo/pages/style1/static/css/animations.css]
[atypicalthemes.com/portfolio/nixo_creative_demo/pages/style1/static/404.html]
[atypicalthemes.com/portfolio/nixo_creative_demo/pages/style1/static/images/logo.svg]
[atypicalthemes.com/portfolio/nixo_creative_demo/pages/style1/video/fonts/glyphicons-halflings-regular.eot]
[atypicalthemes.com/portfolio/nixo_creative_demo/pages/style1/static/fonts/Pe-icon-7-strokebb1d.svg]
[atypicalthemes.com/portfolio/nixo_creative_demo/pages/style1/video/fonts/glyphicons-halflings-regulard41d.eot]
[atypicalthemes.com/portfolio/nixo_creative_demo/pages/style1/video/fonts/glyphicons-halflings-regular.woff2]
[atypicalthemes.com/portfolio/nixo_creative_demo/pages/style1/video/fonts/glyphicons-halflings-regular.woff]
[atypicalthemes.com/portfolio/nixo_creative_demo/pages/style1/video/fonts/glyphicons-halflings-regular.ttf]
[atypicalthemes.com/portfolio/nixo_creative_demo/pages/style1/video/fonts/glyphicons-halflings-regular.svg]
[atypicalthemes.com/portfolio/nixo_creative_demo/pages/style1/video/css/bootstrap.min.css]
[atypicalthemes.com/portfolio/nixo_creative_demo/pages/style1/video/images/404.png]
[atypicalthemes.com/portfolio/nixo_creative_demo/pages/style1/video/css/style.css]
[atypicalthemes.com/portfolio/nixo_creative_demo/pages/style1/video/css/colors.css]
[atypicalthemes.com/portfolio/nixo_creative_demo/pages/style1/video/css/responsive.css]
[atypicalthemes.com/portfolio/nixo_creative_demo/pages/style1/video/images/close.png]
[atypicalthemes.com/portfolio/nixo_creative_demo/pages/style1/video/images/loading.gif]
[atypicalthemes.com/portfolio/nixo_creative_demo/pages/style1/video/images/prev.png]
[atypicalthemes.com/portfolio/nixo_creative_demo/pages/style1/video/images/next.png]
[atypicalthemes.com/portfolio/nixo_creative_demo/pages/style1/video/css/lightbox.min.css]
[atypicalthemes.com/portfolio/nixo_creative_demo/pages/style1/video/fonts/fontawesome-webfont3295.eot]
[atypicalthemes.com/portfolio/nixo_creative_demo/pages/style1/video/fonts/fontawesome-webfontd41d.eot]
[atypicalthemes.com/portfolio/nixo_creative_demo/pages/style1/video/fonts/fontawesome-webfont3295.woff]
[atypicalthemes.com/portfolio/nixo_creative_demo/pages/style1/video/fonts/fontawesome-webfont3295.ttf]
[atypicalthemes.com/portfolio/nixo_creative_demo/pages/style1/video/css/font-awesome.min.css]
[atypicalthemes.com/portfolio/nixo_creative_demo/pages/style1/video/fonts/fontawesome-webfont3295.svg]
[atypicalthemes.com/portfolio/nixo_creative_demo/pages/style1/video/fonts/Pe-icon-7-strokebb1d.eot]
[atypicalthemes.com/portfolio/nixo_creative_demo/pages/style1/video/fonts/Pe-icon-7-stroked41d.eot]
[atypicalthemes.com/portfolio/nixo_creative_demo/pages/style1/video/fonts/Pe-icon-7-strokebb1d.woff]
[atypicalthemes.com/portfolio/nixo_creative_demo/pages/style1/video/fonts/Pe-icon-7-strokebb1d.ttf]
[atypicalthemes.com/portfolio/nixo_creative_demo/pages/style1/video/fonts/Pe-icon-7-strokebb1d.svg]
[atypicalthemes.com/portfolio/nixo_creative_demo/pages/style1/video/css/pe-icon-7-stroke.css]
[atypicalthemes.com/portfolio/nixo_creative_demo/pages/style1/video/css/helper.css]
[atypicalthemes.com/portfolio/nixo_creative_demo/pages/style1/video/css/animations.css]
[atypicalthemes.com/portfolio/nixo_creative_demo/pages/style1/video/404.html]
[atypicalthemes.com/portfolio/nixo_creative_demo/pages/style1/video/images/logo.svg]
[atypicalthemes.com/portfolio/nixo_creative_demo/pages/style1/slider/fonts/glyphicons-halflings-regular.230.delayed]
[atypicalthemes.com/portfolio/nixo_creative_demo/pages/style1/slider/fonts/glyphicons-halflings-regulard41d.eot]
[atypicalthemes.com/portfolio/nixo_creative_demo/pages/style1/slider/fonts/glyphicons-halflings-regular.woff2]
[atypicalthemes.com/portfolio/nixo_creative_demo/pages/style1/slider/fonts/glyphicons-halflings-regular.woff]
[atypicalthemes.com/portfolio/nixo_creative_demo/pages/style1/slider/fonts/glyphicons-halflings-regular.ttf]
[atypicalthemes.com/portfolio/nixo_creative_demo/pages/style1/slider/fonts/glyphicons-halflings-regular.svg]
[atypicalthemes.com/portfolio/nixo_creative_demo/pages/style1/slider/css/bootstrap.min.css]
[atypicalthemes.com/portfolio/nixo_creative_demo/pages/style1/slider/images/404.png]
[atypicalthemes.com/portfolio/nixo_creative_demo/pages/style1/slider/css/style.css]
[atypicalthemes.com/portfolio/nixo_creative_demo/pages/style1/slider/css/colors.css]
[atypicalthemes.com/portfolio/nixo_creative_demo/pages/style1/slider/css/responsive.css]
[atypicalthemes.com/portfolio/nixo_creative_demo/pages/style1/slider/images/close.png]
[atypicalthemes.com/portfolio/nixo_creative_demo/pages/style1/slider/images/loading.gif]
[atypicalthemes.com/portfolio/nixo_creative_demo/pages/style1/slider/images/prev.png]
[atypicalthemes.com/portfolio/nixo_creative_demo/pages/style1/slider/images/next.png]
[atypicalthemes.com/portfolio/nixo_creative_demo/pages/style1/slider/css/lightbox.min.css]
[atypicalthemes.com/portfolio/nixo_creative_demo/pages/style1/slider/fonts/fontawesome-webfont3295.woff]
[atypicalthemes.com/portfolio/nixo_creative_demo/pages/style1/slider/fonts/fontawesome-webfont3295.eot]
[atypicalthemes.com/portfolio/nixo_creative_demo/pages/style1/slider/fonts/fontawesome-webfontd41d.eot]
[atypicalthemes.com/portfolio/nixo_creative_demo/pages/style1/slider/css/font-awesome.min.css]
[atypicalthemes.com/portfolio/nixo_creative_demo/pages/style1/slider/fonts/fontawesome-webfont3295.svg]
[atypicalthemes.com/portfolio/nixo_creative_demo/pages/style1/slider/fonts/Pe-icon-7-strokebb1d.eot]
[atypicalthemes.com/portfolio/nixo_creative_demo/pages/style1/slider/fonts/Pe-icon-7-strokebb1d.woff]
[atypicalthemes.com/portfolio/nixo_creative_demo/pages/style1/slider/fonts/Pe-icon-7-stroked41d.eot]
[atypicalthemes.com/portfolio/nixo_creative_demo/pages/style1/slider/fonts/fontawesome-webfont3295.ttf]
[atypicalthemes.com/portfolio/nixo_creative_demo/pages/style1/slider/fonts/Pe-icon-7-strokebb1d.ttf]
[atypicalthemes.com/portfolio/nixo_creative_demo/pages/style1/slider/css/pe-icon-7-stroke.css]
[atypicalthemes.com/portfolio/nixo_creative_demo/pages/style1/slider/css/helper.css]
[atypicalthemes.com/portfolio/nixo_creative_demo/pages/style1/slider/css/animations.css]
[atypicalthemes.com/portfolio/nixo_creative_demo/pages/style1/slider/404.html]
[atypicalthemes.com/portfolio/nixo_creative_demo/pages/style1/slider/images/logo.svg]
[atypicalthemes.com/portfolio/nixo_creative_demo/pages/style1/slider/fonts/Pe-icon-7-strokebb1d.svg]
[atypicalthemes.com/portfolio/nixo_creative_demo/pages/style2/parallax/fonts/glyphicons-halflings-regular.eot]
[atypicalthemes.com/portfolio/nixo_creative_demo/pages/style2/parallax/fonts/glyphicons-halflings-regulard41d.eot]
[atypicalthemes.com/portfolio/nixo_creative_demo/pages/style2/parallax/fonts/glyphicons-halflings-regular.woff2]
[atypicalthemes.com/portfolio/nixo_creative_demo/pages/style2/parallax/fonts/glyphicons-halflings-regular.woff]
[atypicalthemes.com/portfolio/nixo_creative_demo/pages/style2/parallax/fonts/glyphicons-halflings-regular.ttf]
[atypicalthemes.com/portfolio/nixo_creative_demo/pages/style2/parallax/fonts/glyphicons-halflings-regular.svg]
[atypicalthemes.com/portfolio/nixo_creative_demo/pages/style2/parallax/css/bootstrap.min.css]
[atypicalthemes.com/portfolio/nixo_creative_demo/pages/style2/parallax/images/hero.jpg]
[atypicalthemes.com/portfolio/nixo_creative_demo/pages/style2/parallax/images/404.png]
[atypicalthemes.com/portfolio/nixo_creative_demo/pages/style2/parallax/css/style.css]
[atypicalthemes.com/portfolio/nixo_creative_demo/pages/style2/parallax/css/colors.css]
[atypicalthemes.com/portfolio/nixo_creative_demo/pages/style2/parallax/css/responsive.css]
[atypicalthemes.com/portfolio/nixo_creative_demo/pages/style2/parallax/images/close.png]
[atypicalthemes.com/portfolio/nixo_creative_demo/pages/style2/parallax/images/loading.gif]
[atypicalthemes.com/portfolio/nixo_creative_demo/pages/style2/parallax/images/prev.png]
[atypicalthemes.com/portfolio/nixo_creative_demo/pages/style2/parallax/images/next.png]
[atypicalthemes.com/portfolio/nixo_creative_demo/pages/style2/parallax/css/lightbox.min.css]
[atypicalthemes.com/portfolio/nixo_creative_demo/pages/style2/parallax/fonts/fontawesome-webfont3295.eot]
[atypicalthemes.com/portfolio/nixo_creative_demo/pages/style2/parallax/fonts/fontawesome-webfont3295.woff]
[atypicalthemes.com/portfolio/nixo_creative_demo/pages/style2/parallax/fonts/fontawesome-webfontd41d.eot]
[atypicalthemes.com/portfolio/nixo_creative_demo/pages/style2/parallax/css/font-awesome.min.css]
[atypicalthemes.com/portfolio/nixo_creative_demo/pages/style2/parallax/fonts/fontawesome-webfont3295.svg]
[atypicalthemes.com/portfolio/nixo_creative_demo/pages/style2/parallax/fonts/Pe-icon-7-strokebb1d.eot]
[atypicalthemes.com/portfolio/nixo_creative_demo/pages/style2/parallax/fonts/Pe-icon-7-stroked41d.eot]
[atypicalthemes.com/portfolio/nixo_creative_demo/pages/style2/parallax/fonts/Pe-icon-7-strokebb1d.woff]
[atypicalthemes.com/portfolio/nixo_creative_demo/pages/style2/parallax/fonts/fontawesome-webfont3295.ttf]
[atypicalthemes.com/portfolio/nixo_creative_demo/pages/style2/parallax/fonts/Pe-icon-7-strokebb1d.svg]
[atypicalthemes.com/portfolio/nixo_creative_demo/pages/style2/parallax/css/pe-icon-7-stroke.css]
[atypicalthemes.com/portfolio/nixo_creative_demo/pages/style2/parallax/css/helper.css]
[atypicalthemes.com/portfolio/nixo_creative_demo/pages/style2/parallax/css/animations.css]
[atypicalthemes.com/portfolio/nixo_creative_demo/pages/style2/parallax/404.html]
[atypicalthemes.com/portfolio/nixo_creative_demo/pages/style2/parallax/images/logo.svg]
[atypicalthemes.com/portfolio/nixo_creative_demo/pages/style2/static/fonts/glyphicons-halflings-regular.eot]
[atypicalthemes.com/portfolio/nixo_creative_demo/pages/style2/static/fonts/glyphicons-halflings-regulard41d.eot]
[atypicalthemes.com/portfolio/nixo_creative_demo/pages/style2/static/fonts/glyphicons-halflings-regular.woff2]
[atypicalthemes.com/portfolio/nixo_creative_demo/pages/style2/static/fonts/glyphicons-halflings-regular.woff]
[atypicalthemes.com/portfolio/nixo_creative_demo/pages/style2/parallax/fonts/Pe-icon-7-strokebb1d.ttf]
[atypicalthemes.com/portfolio/nixo_creative_demo/pages/style2/static/fonts/glyphicons-halflings-regular.ttf]
[atypicalthemes.com/portfolio/nixo_creative_demo/pages/style2/static/fonts/glyphicons-halflings-regular.svg]
[atypicalthemes.com/portfolio/nixo_creative_demo/pages/style2/static/css/bootstrap.min.css]
[atypicalthemes.com/portfolio/nixo_creative_demo/pages/style2/static/images/hero.jpg]
[atypicalthemes.com/portfolio/nixo_creative_demo/pages/style2/static/images/404.png]
[atypicalthemes.com/portfolio/nixo_creative_demo/pages/style2/static/css/style.css]
[atypicalthemes.com/portfolio/nixo_creative_demo/pages/style2/static/css/colors.css]
[atypicalthemes.com/portfolio/nixo_creative_demo/pages/style2/static/css/responsive.css]
[atypicalthemes.com/portfolio/nixo_creative_demo/pages/style2/static/images/close.png]
[atypicalthemes.com/portfolio/nixo_creative_demo/pages/style2/static/images/loading.gif]
[atypicalthemes.com/portfolio/nixo_creative_demo/pages/style2/static/images/prev.png]
[atypicalthemes.com/portfolio/nixo_creative_demo/pages/style2/static/images/next.png]
[atypicalthemes.com/portfolio/nixo_creative_demo/pages/style2/static/css/lightbox.min.css]
[atypicalthemes.com/portfolio/nixo_creative_demo/pages/style2/static/fonts/fontawesome-webfont3295.woff]
[atypicalthemes.com/portfolio/nixo_creative_demo/pages/style2/static/fonts/fontawesome-webfont3295.eot]
[atypicalthemes.com/portfolio/nixo_creative_demo/pages/style2/static/fonts/fontawesome-webfontd41d.eot]
[atypicalthemes.com/portfolio/nixo_creative_demo/pages/style2/static/css/font-awesome.min.css]
[atypicalthemes.com/portfolio/nixo_creative_demo/pages/style2/static/fonts/fontawesome-webfont3295.svg]
[atypicalthemes.com/portfolio/nixo_creative_demo/pages/style2/static/fonts/Pe-icon-7-strokebb1d.eot]
[atypicalthemes.com/portfolio/nixo_creative_demo/pages/style2/static/fonts/Pe-icon-7-strokebb1d.woff]
[atypicalthemes.com/portfolio/nixo_creative_demo/pages/style2/static/fonts/Pe-icon-7-stroked41d.eot]
[atypicalthemes.com/portfolio/nixo_creative_demo/pages/style2/static/fonts/fontawesome-webfont3295.ttf]
[atypicalthemes.com/portfolio/nixo_creative_demo/pages/style2/static/fonts/Pe-icon-7-strokebb1d.ttf]
[atypicalthemes.com/portfolio/nixo_creative_demo/pages/style2/static/css/pe-icon-7-stroke.css]
[atypicalthemes.com/portfolio/nixo_creative_demo/pages/style2/static/css/helper.css]
[atypicalthemes.com/portfolio/nixo_creative_demo/pages/style2/static/css/animations.css]
[atypicalthemes.com/portfolio/nixo_creative_demo/pages/style2/static/404.html]
[atypicalthemes.com/portfolio/nixo_creative_demo/pages/style2/static/images/logo.svg]
[atypicalthemes.com/portfolio/nixo_creative_demo/pages/style2/video/fonts/glyphicons-halflings-regular.eot]
[atypicalthemes.com/portfolio/nixo_creative_demo/pages/style2/static/fonts/Pe-icon-7-strokebb1d.svg]
[atypicalthemes.com/portfolio/nixo_creative_demo/pages/style2/video/fonts/glyphicons-halflings-regulard41d.eot]
[atypicalthemes.com/portfolio/nixo_creative_demo/pages/style2/video/fonts/glyphicons-halflings-regular.woff2]
[atypicalthemes.com/portfolio/nixo_creative_demo/pages/style2/video/fonts/glyphicons-halflings-regular.woff]
[atypicalthemes.com/portfolio/nixo_creative_demo/pages/style2/video/fonts/glyphicons-halflings-regular.ttf]
[atypicalthemes.com/portfolio/nixo_creative_demo/pages/style2/video/fonts/glyphicons-halflings-regular.svg]
[atypicalthemes.com/portfolio/nixo_creative_demo/pages/style2/video/css/bootstrap.min.css]
[atypicalthemes.com/portfolio/nixo_creative_demo/pages/style2/video/images/404.png]
[atypicalthemes.com/portfolio/nixo_creative_demo/pages/style2/video/css/style.css]
[atypicalthemes.com/portfolio/nixo_creative_demo/pages/style2/video/css/colors.css]
[atypicalthemes.com/portfolio/nixo_creative_demo/pages/style2/video/css/responsive.css]
[atypicalthemes.com/portfolio/nixo_creative_demo/pages/style2/video/images/close.png]
[atypicalthemes.com/portfolio/nixo_creative_demo/pages/style2/video/images/loading.gif]
[atypicalthemes.com/portfolio/nixo_creative_demo/pages/style2/video/images/prev.png]
[atypicalthemes.com/portfolio/nixo_creative_demo/pages/style2/video/images/next.png]
[atypicalthemes.com/portfolio/nixo_creative_demo/pages/style2/video/css/lightbox.min.css]
[atypicalthemes.com/portfolio/nixo_creative_demo/pages/style2/video/fonts/fontawesome-webfont3295.woff]
[atypicalthemes.com/portfolio/nixo_creative_demo/pages/style2/video/fonts/fontawesome-webfont3295.eot]
[atypicalthemes.com/portfolio/nixo_creative_demo/pages/style2/video/fonts/fontawesome-webfontd41d.eot]
[atypicalthemes.com/portfolio/nixo_creative_demo/pages/style2/video/css/font-awesome.min.css]
[atypicalthemes.com/portfolio/nixo_creative_demo/pages/style2/video/fonts/fontawesome-webfont3295.svg]
[atypicalthemes.com/portfolio/nixo_creative_demo/pages/style2/video/fonts/Pe-icon-7-strokebb1d.eot]
[atypicalthemes.com/portfolio/nixo_creative_demo/pages/style2/video/fonts/Pe-icon-7-stroked41d.eot]
[atypicalthemes.com/portfolio/nixo_creative_demo/pages/style2/video/fonts/Pe-icon-7-strokebb1d.woff]
[atypicalthemes.com/portfolio/nixo_creative_demo/pages/style2/video/fonts/fontawesome-webfont3295.ttf]
[atypicalthemes.com/portfolio/nixo_creative_demo/pages/style2/video/fonts/Pe-icon-7-strokebb1d.ttf]
[atypicalthemes.com/portfolio/nixo_creative_demo/pages/style2/video/css/pe-icon-7-stroke.css]
[atypicalthemes.com/portfolio/nixo_creative_demo/pages/style2/video/css/helper.css]
[atypicalthemes.com/portfolio/nixo_creative_demo/pages/style2/video/css/animations.css]
[atypicalthemes.com/portfolio/nixo_creative_demo/pages/style2/video/404.html]
[atypicalthemes.com/portfolio/nixo_creative_demo/pages/style2/video/images/logo.svg]
[atypicalthemes.com/portfolio/nixo_creative_demo/pages/style2/video/fonts/Pe-icon-7-strokebb1d.svg]
[atypicalthemes.com/portfolio/nixo_creative_demo/pages/style2/slider/fonts/glyphicons-halflings-regular.eot]
[atypicalthemes.com/portfolio/nixo_creative_demo/pages/style2/slider/fonts/glyphicons-halflings-regulard41d.eot]
[atypicalthemes.com/portfolio/nixo_creative_demo/pages/style2/slider/fonts/glyphicons-halflings-regular.woff2]
[atypicalthemes.com/portfolio/nixo_creative_demo/pages/style2/slider/fonts/glyphicons-halflings-regular.woff]
[atypicalthemes.com/portfolio/nixo_creative_demo/pages/style2/slider/fonts/glyphicons-halflings-regular.ttf]
[atypicalthemes.com/portfolio/nixo_creative_demo/pages/style2/slider/fonts/glyphicons-halflings-regular.svg]
[atypicalthemes.com/portfolio/nixo_creative_demo/pages/style2/slider/css/bootstrap.min.css]
[atypicalthemes.com/portfolio/nixo_creative_demo/pages/style2/slider/images/404.png]
[atypicalthemes.com/portfolio/nixo_creative_demo/pages/style2/slider/css/style.css]
[atypicalthemes.com/portfolio/nixo_creative_demo/pages/style2/slider/css/colors.css]
[atypicalthemes.com/portfolio/nixo_creative_demo/pages/style2/slider/css/responsive.css]
[atypicalthemes.com/portfolio/nixo_creative_demo/pages/style2/slider/images/close.png]
[atypicalthemes.com/portfolio/nixo_creative_demo/pages/style2/slider/images/loading.gif]
[atypicalthemes.com/portfolio/nixo_creative_demo/pages/style2/slider/images/prev.png]
[atypicalthemes.com/portfolio/nixo_creative_demo/pages/style2/slider/images/next.png]
[atypicalthemes.com/portfolio/nixo_creative_demo/pages/style2/slider/css/lightbox.min.css]
[atypicalthemes.com/portfolio/nixo_creative_demo/pages/style2/slider/fonts/fontawesome-webfont3295.woff]
[atypicalthemes.com/portfolio/nixo_creative_demo/pages/style2/slider/fonts/fontawesome-webfont3295.eot]
[atypicalthemes.com/portfolio/nixo_creative_demo/pages/style2/slider/fonts/fontawesome-webfont3295.svg]
[atypicalthemes.com/portfolio/nixo_creative_demo/pages/style2/slider/css/font-awesome.min.css]
[atypicalthemes.com/portfolio/nixo_creative_demo/pages/style2/slider/fonts/fontawesome-webfontd41d.eot]
[atypicalthemes.com/portfolio/nixo_creative_demo/pages/style2/slider/fonts/Pe-icon-7-strokebb1d.woff]
[atypicalthemes.com/portfolio/nixo_creative_demo/pages/style2/slider/fonts/Pe-icon-7-strokebb1d.eot]
[atypicalthemes.com/portfolio/nixo_creative_demo/pages/style2/slider/fonts/fontawesome-webfont3295.ttf]
[atypicalthemes.com/portfolio/nixo_creative_demo/pages/style2/slider/fonts/Pe-icon-7-stroked41d.eot]
[atypicalthemes.com/portfolio/nixo_creative_demo/pages/style2/slider/css/pe-icon-7-stroke.css]
[atypicalthemes.com/portfolio/nixo_creative_demo/pages/style2/slider/css/helper.css]
[atypicalthemes.com/portfolio/nixo_creative_demo/pages/style2/slider/css/animations.css]
[atypicalthemes.com/portfolio/nixo_creative_demo/pages/style2/slider/404.html]
[atypicalthemes.com/portfolio/nixo_creative_demo/pages/style2/slider/images/logo.svg]
[atypicalthemes.com/portfolio/nixo_creative_demo/pages/style1/parallax/fonts/glyphicons-halflings-regular.html]
[atypicalthemes.com/portfolio/nixo_creative_demo/pages/style1/parallax/fonts/glyphicons-halflings-regulard41d.html]
[atypicalthemes.com/portfolio/nixo_creative_demo/pages/style1/parallax/fonts/glyphicons-halflings-regular-2.html]
[atypicalthemes.com/portfolio/nixo_creative_demo/pages/style1/parallax/fonts/glyphicons-halflings-regular-3.html]
[atypicalthemes.com/portfolio/nixo_creative_demo/pages/style1/parallax/fonts/glyphicons-halflings-regular-4.html]
[atypicalthemes.com/portfolio/nixo_creative_demo/pages/style1/parallax/fonts/glyphicons-halflings-regular-5.html]
[atypicalthemes.com/portfolio/nixo_creative_demo/pages/style1/parallax/fonts/fontawesome-webfont3295.html]
[atypicalthemes.com/portfolio/nixo_creative_demo/pages/style1/parallax/fonts/fontawesome-webfont3295.svg]
[atypicalthemes.com/portfolio/nixo_creative_demo/pages/style1/parallax/fonts/Pe-icon-7-strokebb1d.svg]
[atypicalthemes.com/portfolio/nixo_creative_demo/pages/style1/static/fonts/glyphicons-halflings-regular.html]
[atypicalthemes.com/portfolio/nixo_creative_demo/pages/style1/static/fonts/glyphicons-halflings-regulard41d.html]
[atypicalthemes.com/portfolio/nixo_creative_demo/pages/style1/static/fonts/glyphicons-halflings-regular-2.html]
[atypicalthemes.com/portfolio/nixo_creative_demo/pages/style1/static/fonts/glyphicons-halflings-regular-3.html]
[atypicalthemes.com/portfolio/nixo_creative_demo/pages/style1/static/fonts/glyphicons-halflings-regular-4.html]
[atypicalthemes.com/portfolio/nixo_creative_demo/pages/style1/static/fonts/glyphicons-halflings-regular-5.html]
[atypicalthemes.com/portfolio/nixo_creative_demo/pages/style1/static/fonts/fontawesome-webfont3295.html]
[atypicalthemes.com/portfolio/nixo_creative_demo/pages/style1/static/fonts/fontawesome-webfont3295.svg]
[atypicalthemes.com/portfolio/nixo_creative_demo/pages/style1/static/fonts/Pe-icon-7-strokebb1d.svg]
[atypicalthemes.com/portfolio/nixo_creative_demo/pages/style1/video/fonts/glyphicons-halflings-regular.html]
[atypicalthemes.com/portfolio/nixo_creative_demo/pages/style1/video/fonts/glyphicons-halflings-regulard41d.html]
[atypicalthemes.com/portfolio/nixo_creative_demo/pages/style1/video/fonts/glyphicons-halflings-regular-2.html]
[atypicalthemes.com/portfolio/nixo_creative_demo/pages/style1/video/fonts/glyphicons-halflings-regular-3.html]
[atypicalthemes.com/portfolio/nixo_creative_demo/pages/style1/video/fonts/glyphicons-halflings-regular-4.html]
[atypicalthemes.com/portfolio/nixo_creative_demo/pages/style1/video/fonts/glyphicons-halflings-regular-5.html]
[atypicalthemes.com/portfolio/nixo_creative_demo/pages/style1/video/fonts/fontawesome-webfont3295.html]
[atypicalthemes.com/portfolio/nixo_creative_demo/pages/style1/video/fonts/fontawesome-webfont3295.svg]
[atypicalthemes.com/portfolio/nixo_creative_demo/pages/style1/video/fonts/Pe-icon-7-strokebb1d.svg]
[atypicalthemes.com/portfolio/nixo_creative_demo/pages/style1/slider/fonts/glyphicons-halflings-regular.html]
[atypicalthemes.com/portfolio/nixo_creative_demo/pages/style1/slider/fonts/glyphicons-halflings-regulard41d.html]
[atypicalthemes.com/portfolio/nixo_creative_demo/pages/style1/slider/fonts/glyphicons-halflings-regular-2.html]
[atypicalthemes.com/portfolio/nixo_creative_demo/pages/style1/slider/fonts/glyphicons-halflings-regular-3.html]
[atypicalthemes.com/portfolio/nixo_creative_demo/pages/style1/slider/fonts/glyphicons-halflings-regular-4.html]
[atypicalthemes.com/portfolio/nixo_creative_demo/pages/style1/slider/fonts/glyphicons-halflings-regular-5.html]
[atypicalthemes.com/portfolio/nixo_creative_demo/pages/style1/slider/fonts/fontawesome-webfont3295.html]
[atypicalthemes.com/portfolio/nixo_creative_demo/pages/style1/slider/fonts/fontawesome-webfont3295.svg]
[atypicalthemes.com/portfolio/nixo_creative_demo/pages/style1/slider/fonts/Pe-icon-7-strokebb1d.svg]
[atypicalthemes.com/portfolio/nixo_creative_demo/pages/style2/parallax/fonts/glyphicons-halflings-regular.html]
[atypicalthemes.com/portfolio/nixo_creative_demo/pages/style2/parallax/fonts/glyphicons-halflings-regulard41d.html]
[atypicalthemes.com/portfolio/nixo_creative_demo/pages/style2/parallax/fonts/glyphicons-halflings-regular-2.html]
[atypicalthemes.com/portfolio/nixo_creative_demo/pages/style2/parallax/fonts/glyphicons-halflings-regular-3.html]
[atypicalthemes.com/portfolio/nixo_creative_demo/pages/style2/parallax/fonts/glyphicons-halflings-regular-4.html]
[atypicalthemes.com/portfolio/nixo_creative_demo/pages/style2/parallax/fonts/glyphicons-halflings-regular-5.html]
[atypicalthemes.com/portfolio/nixo_creative_demo/pages/style2/parallax/fonts/fontawesome-webfont3295.html]
[atypicalthemes.com/portfolio/nixo_creative_demo/pages/style2/parallax/fonts/fontawesome-webfont3295.svg]
[atypicalthemes.com/portfolio/nixo_creative_demo/pages/style2/parallax/fonts/Pe-icon-7-strokebb1d.svg]
[atypicalthemes.com/portfolio/nixo_creative_demo/pages/style2/static/fonts/glyphicons-halflings-regular.html]
[atypicalthemes.com/portfolio/nixo_creative_demo/pages/style2/static/fonts/glyphicons-halflings-regulard41d.html]
[atypicalthemes.com/portfolio/nixo_creative_demo/pages/style2/static/fonts/glyphicons-halflings-regular-2.html]
[atypicalthemes.com/portfolio/nixo_creative_demo/pages/style2/static/fonts/glyphicons-halflings-regular-3.html]
[atypicalthemes.com/portfolio/nixo_creative_demo/pages/style2/static/fonts/glyphicons-halflings-regular-4.html]
[atypicalthemes.com/portfolio/nixo_creative_demo/pages/style2/static/fonts/glyphicons-halflings-regular-5.html]
[atypicalthemes.com/portfolio/nixo_creative_demo/pages/style2/static/fonts/fontawesome-webfont3295.html]
[atypicalthemes.com/portfolio/nixo_creative_demo/pages/style2/static/fonts/fontawesome-webfont3295.svg]
[atypicalthemes.com/portfolio/nixo_creative_demo/pages/style2/static/fonts/Pe-icon-7-strokebb1d.svg]
[atypicalthemes.com/portfolio/nixo_creative_demo/pages/style2/video/fonts/glyphicons-halflings-regular.html]
[atypicalthemes.com/portfolio/nixo_creative_demo/pages/style2/video/fonts/glyphicons-halflings-regulard41d.html]
[atypicalthemes.com/portfolio/nixo_creative_demo/pages/style2/video/fonts/glyphicons-halflings-regular-2.html]
[atypicalthemes.com/portfolio/nixo_creative_demo/pages/style2/video/fonts/glyphicons-halflings-regular-3.html]
[atypicalthemes.com/portfolio/nixo_creative_demo/pages/style2/video/fonts/glyphicons-halflings-regular-4.html]
[atypicalthemes.com/portfolio/nixo_creative_demo/pages/style2/video/fonts/glyphicons-halflings-regular-5.html]
[atypicalthemes.com/portfolio/nixo_creative_demo/pages/style2/video/fonts/fontawesome-webfont3295.html]
[atypicalthemes.com/portfolio/nixo_creative_demo/pages/style2/video/fonts/fontawesome-webfont3295.svg]
[atypicalthemes.com/portfolio/nixo_creative_demo/pages/style2/video/fonts/Pe-icon-7-strokebb1d.svg]
[atypicalthemes.com/portfolio/nixo_creative_demo/pages/style2/slider/fonts/glyphicons-halflings-regular.html]
[atypicalthemes.com/portfolio/nixo_creative_demo/pages/style2/slider/fonts/glyphicons-halflings-regulard41d.html]
[atypicalthemes.com/portfolio/nixo_creative_demo/pages/style2/slider/fonts/glyphicons-halflings-regular-2.html]
[atypicalthemes.com/portfolio/nixo_creative_demo/pages/style2/slider/fonts/glyphicons-halflings-regular-3.html]
[atypicalthemes.com/portfolio/nixo_creative_demo/pages/style2/slider/fonts/glyphicons-halflings-regular-4.html]
[atypicalthemes.com/portfolio/nixo_creative_demo/pages/style2/slider/fonts/glyphicons-halflings-regular-5.html]
[atypicalthemes.com/portfolio/nixo_creative_demo/pages/style2/slider/fonts/fontawesome-webfont3295.html]
[atypicalthemes.com/portfolio/nixo_creative_demo/pages/style2/slider/fonts/fontawesome-webfont3295.svg]
[atypicalthemes.com/portfolio/nixo_creative_demo/pages/style2/slider/fonts/Pe-icon-7-strokebb1d.svg]
[atypicalthemes.com/portfolio/nixo_creative_demo/pages/style2/slider/fonts/Pe-icon-7-strokebb1d.ttf]
[atypicalthemes.com/portfolio/nixo_creative_demo/pages/style2/slider/fonts/Pe-icon-7-strokebb1d.svg]
